This file contains any messages produced by compilers while
running configure, to aid debugging if configure makes a mistake.

It was created by fftw configure 3.3.4, which was
generated by GNU Autoconf 2.69.  Invocation command line was

  $ ./configure --enable-float --enable-threads

## --------- ##
## Platform. ##
## --------- ##

hostname = Swatis-MBP.fritz.box
uname -m = x86_64
uname -r = 14.3.0
uname -s = Darwin
uname -v = Darwin Kernel Version 14.3.0: Mon Mar 23 11:59:05 PDT 2015; root:xnu-2782.20.48~5/RELEASE_X86_64

/usr/bin/uname -p = i386
/bin/uname -X     = unknown

/bin/arch              = unknown
/usr/bin/arch -k       = unknown
/usr/convex/getsysinfo = unknown
/usr/bin/hostinfo      = Mach kernel version:
	 Darwin Kernel Version 14.3.0: Mon Mar 23 11:59:05 PDT 2015; root:xnu-2782.20.48~5/RELEASE_X86_64
Kernel configured for up to 4 processors.
2 processors are physically available.
4 processors are logically available.
Processor type: x86_64h (Intel x86-64h Haswell)
Processors active: 0 1 2 3
Primary memory available: 8.00 gigabytes
Default processor set: 278 tasks, 1290 threads, 4 processors
Load average: 2.57, Mach factor: 2.50
/bin/machine           = unknown
/usr/bin/oslevel       = unknown
/bin/universe          = unknown

PATH: /Users/swatimital/anaconda/bin
PATH: /Users/swatimital/anaconda/bin
PATH: /Users/swatimital/anaconda/bin
PATH: /Library/Frameworks/Python.framework/Versions/3.5/bin
PATH: /usr/local/bin
PATH: /usr/bin
PATH: /bin
PATH: /usr/sbin
PATH: /sbin
PATH: /opt/X11/bin
PATH: /Library/TeX/texbin


## ----------- ##
## Core tests. ##
## ----------- ##

configure:2750: checking for a BSD-compatible install
configure:2818: result: /usr/bin/install -c
configure:2829: checking whether build environment is sane
configure:2884: result: yes
configure:3035: checking for a thread-safe mkdir -p
configure:3074: result: ./install-sh -c -d
configure:3081: checking for gawk
configure:3111: result: no
configure:3081: checking for mawk
configure:3111: result: no
configure:3081: checking for nawk
configure:3111: result: no
configure:3081: checking for awk
configure:3097: found /usr/bin/awk
configure:3108: result: awk
configure:3119: checking whether make sets $(MAKE)
configure:3141: result: yes
configure:3170: checking whether make supports nested variables
configure:3187: result: yes
configure:3316: checking whether to enable maintainer-specific portions of Makefiles
configure:3325: result: no
configure:3373: checking build system type
configure:3387: result: x86_64-apple-darwin14.3.0
configure:3407: checking host system type
configure:3420: result: x86_64-apple-darwin14.3.0
configure:3858: checking for gcc
configure:3874: found /usr/bin/gcc
configure:3885: result: gcc
configure:4114: checking for C compiler version
configure:4123: gcc --version >&5
Apple LLVM version 6.1.0 (clang-602.0.53) (based on LLVM 3.6.0svn)
Target: x86_64-apple-darwin14.3.0
Thread model: posix
Configured with: --prefix=/Applications/Xcode.app/Contents/Developer/usr --with-gxx-include-dir=/usr/include/c++/4.2.1
configure:4134: $? = 0
configure:4123: gcc -v >&5
Configured with: --prefix=/Applications/Xcode.app/Contents/Developer/usr --with-gxx-include-dir=/usr/include/c++/4.2.1
Apple LLVM version 6.1.0 (clang-602.0.53) (based on LLVM 3.6.0svn)
Target: x86_64-apple-darwin14.3.0
Thread model: posix
configure:4134: $? = 0
configure:4123: gcc -V >&5
clang: error: argument to '-V' is missing (expected 1 value)
clang: error: no input files
configure:4134: $? = 1
configure:4123: gcc -qversion >&5
clang: error: unknown argument: '-qversion'
clang: error: no input files
configure:4134: $? = 1
configure:4154: checking whether the C compiler works
configure:4176: gcc    conftest.c  >&5
configure:4180: $? = 0
configure:4228: result: yes
configure:4231: checking for C compiler default output file name
configure:4233: result: a.out
configure:4239: checking for suffix of executables
configure:4246: gcc -o conftest    conftest.c  >&5
configure:4250: $? = 0
configure:4272: result: 
configure:4294: checking whether we are cross compiling
configure:4302: gcc -o conftest    conftest.c  >&5
configure:4306: $? = 0
configure:4313: ./conftest
configure:4317: $? = 0
configure:4332: result: no
configure:4337: checking for suffix of object files
configure:4359: gcc -c   conftest.c >&5
configure:4363: $? = 0
configure:4384: result: o
configure:4388: checking whether we are using the GNU C compiler
configure:4407: gcc -c   conftest.c >&5
configure:4407: $? = 0
configure:4416: result: yes
configure:4425: checking whether gcc accepts -g
configure:4445: gcc -c -g  conftest.c >&5
configure:4445: $? = 0
configure:4486: result: yes
configure:4503: checking for gcc option to accept ISO C89
configure:4566: gcc  -c -g -O2  conftest.c >&5
configure:4566: $? = 0
configure:4579: result: none needed
configure:4604: checking whether gcc understands -c and -o together
configure:4626: gcc -c conftest.c -o conftest2.o
configure:4629: $? = 0
configure:4626: gcc -c conftest.c -o conftest2.o
configure:4629: $? = 0
configure:4641: result: yes
configure:4669: checking for style of include used by make
configure:4697: result: GNU
configure:4723: checking dependency style of gcc
configure:4834: result: gcc3
configure:4852: checking for C compiler vendor
configure:4876: gcc -c -g -O2  conftest.c >&5
conftest.c:20:7: error: use of undeclared identifier 'thisisanerror'
      thisisanerror;
      ^
1 error generated.
configure:4876: $? = 1
configure: failed program was:
| /* confdefs.h */
| #define PACKAGE_NAME "fftw"
| #define PACKAGE_TARNAME "fftw"
| #define PACKAGE_VERSION "3.3.4"
| #define PACKAGE_STRING "fftw 3.3.4"
| #define PACKAGE_BUGREPORT "fftw@fftw.org"
| #define PACKAGE_URL ""
| #define PACKAGE "fftw"
| #define VERSION "3.3.4"
| #define FFTW_ENABLE_ALLOCA 1
| #define FFTW_SINGLE 1
| #define BENCHFFT_SINGLE 1
| /* end confdefs.h.  */
| 
| int
| main ()
| {
| 
| #if !(defined(__ICC) || defined(__ECC) || defined(__INTEL_COMPILER))
|       thisisanerror;
| #endif
| 
|   ;
|   return 0;
| }
configure:4876: gcc -c -g -O2  conftest.c >&5
conftest.c:20:7: error: use of undeclared identifier 'thisisanerror'
      thisisanerror;
      ^
1 error generated.
configure:4876: $? = 1
configure: failed program was:
| /* confdefs.h */
| #define PACKAGE_NAME "fftw"
| #define PACKAGE_TARNAME "fftw"
| #define PACKAGE_VERSION "3.3.4"
| #define PACKAGE_STRING "fftw 3.3.4"
| #define PACKAGE_BUGREPORT "fftw@fftw.org"
| #define PACKAGE_URL ""
| #define PACKAGE "fftw"
| #define VERSION "3.3.4"
| #define FFTW_ENABLE_ALLOCA 1
| #define FFTW_SINGLE 1
| #define BENCHFFT_SINGLE 1
| /* end confdefs.h.  */
| 
| int
| main ()
| {
| 
| #if !(defined(__xlc__) || defined(__xlC__) || defined(__IBMC__) || defined(__IBMCPP__))
|       thisisanerror;
| #endif
| 
|   ;
|   return 0;
| }
configure:4876: gcc -c -g -O2  conftest.c >&5
conftest.c:20:7: error: use of undeclared identifier 'thisisanerror'
      thisisanerror;
      ^
1 error generated.
configure:4876: $? = 1
configure: failed program was:
| /* confdefs.h */
| #define PACKAGE_NAME "fftw"
| #define PACKAGE_TARNAME "fftw"
| #define PACKAGE_VERSION "3.3.4"
| #define PACKAGE_STRING "fftw 3.3.4"
| #define PACKAGE_BUGREPORT "fftw@fftw.org"
| #define PACKAGE_URL ""
| #define PACKAGE "fftw"
| #define VERSION "3.3.4"
| #define FFTW_ENABLE_ALLOCA 1
| #define FFTW_SINGLE 1
| #define BENCHFFT_SINGLE 1
| /* end confdefs.h.  */
| 
| int
| main ()
| {
| 
| #if !(defined(__PATHCC__) || defined(__PATHSCALE__))
|       thisisanerror;
| #endif
| 
|   ;
|   return 0;
| }
configure:4876: gcc -c -g -O2  conftest.c >&5
configure:4876: $? = 0
configure:4883: result: gnu
configure:4890: checking for gcc option to accept ISO C99
configure:5039: gcc  -c -g -O2  conftest.c >&5
configure:5039: $? = 0
configure:5052: result: none needed
configure:5160: checking for gcc option to accept ISO Standard C
configure:5171: result: none needed
configure:5179: checking whether ln -s works
configure:5183: result: yes
configure:5190: checking whether make sets $(MAKE)
configure:5212: result: yes
configure:5570: checking how to print strings
configure:5597: result: printf
configure:5618: checking for a sed that does not truncate output
configure:5682: result: /usr/bin/sed
configure:5700: checking for grep that handles long lines and -e
configure:5758: result: /usr/bin/grep
configure:5763: checking for egrep
configure:5825: result: /usr/bin/grep -E
configure:5830: checking for fgrep
configure:5892: result: /usr/bin/grep -F
configure:5927: checking for ld used by gcc
configure:5994: result: /Applications/Xcode.app/Contents/Developer/Toolchains/XcodeDefault.xctoolchain/usr/bin/ld
configure:6001: checking if the linker (/Applications/Xcode.app/Contents/Developer/Toolchains/XcodeDefault.xctoolchain/usr/bin/ld) is GNU ld
configure:6016: result: no
configure:6028: checking for BSD- or MS-compatible name lister (nm)
configure:6077: result: /usr/bin/nm
configure:6207: checking the name lister (/usr/bin/nm) interface
configure:6214: gcc -c -g -O2  conftest.c >&5
configure:6217: /usr/bin/nm "conftest.o"
configure:6220: output
00000000000001f8 S _some_variable
configure:6227: result: BSD nm
configure:6231: checking the maximum length of command line arguments
configure:6361: result: 196608
configure:6378: checking whether the shell understands some XSI constructs
configure:6388: result: yes
configure:6392: checking whether the shell understands "+="
configure:6398: result: yes
configure:6433: checking how to convert x86_64-apple-darwin14.3.0 file names to x86_64-apple-darwin14.3.0 format
configure:6473: result: func_convert_file_noop
configure:6480: checking how to convert x86_64-apple-darwin14.3.0 file names to toolchain format
configure:6500: result: func_convert_file_noop
configure:6507: checking for /Applications/Xcode.app/Contents/Developer/Toolchains/XcodeDefault.xctoolchain/usr/bin/ld option to reload object files
configure:6514: result: -r
configure:6588: checking for objdump
configure:6615: result: objdump
configure:6644: checking how to recognize dependent libraries
configure:6846: result: pass_all
configure:6931: checking for dlltool
configure:6958: result: dlltool
configure:6988: checking how to associate runtime and link libraries
configure:7015: result: printf %s\n
configure:7075: checking for ar
configure:7091: found /usr/bin/ar
configure:7102: result: ar
configure:7139: checking for archiver @FILE support
configure:7156: gcc -c -g -O2  conftest.c >&5
configure:7156: $? = 0
configure:7159: ar cru libconftest.a @conftest.lst >&5
ar: @conftest.lst: No such file or directory
configure:7162: $? = 1
configure:7182: result: no
configure:7240: checking for strip
configure:7256: found /usr/bin/strip
configure:7267: result: strip
configure:7339: checking for ranlib
configure:7355: found /usr/bin/ranlib
configure:7366: result: ranlib
configure:7468: checking command to parse /usr/bin/nm output from gcc object
configure:7588: gcc -c -g -O2  conftest.c >&5
configure:7591: $? = 0
configure:7595: /usr/bin/nm conftest.o \| sed -n -e 's/^.*[ ]\([BCDEGRST][BCDEGRST]*\)[ ][ ]*\([_A-Za-z][_A-Za-z0-9]*\)$/\1 \2 \2/p' | sed '/ __gnu_lto/d' \> conftest.nm
configure:7598: $? = 0
cannot find nm_test_var in conftest.nm
configure:7588: gcc -c -g -O2  conftest.c >&5
configure:7591: $? = 0
configure:7595: /usr/bin/nm conftest.o \| sed -n -e 's/^.*[ ]\([BCDEGRST][BCDEGRST]*\)[ ][ ]*_\([_A-Za-z][_A-Za-z0-9]*\)$/\1 _\2 \2/p' | sed '/ __gnu_lto/d' \> conftest.nm
configure:7598: $? = 0
configure:7664: gcc -o conftest -g -O2   conftest.c conftstm.o >&5
configure:7667: $? = 0
configure:7705: result: ok
configure:7742: checking for sysroot
configure:7772: result: no
configure:8028: checking for mt
configure:8058: result: no
configure:8078: checking if : is a manifest tool
configure:8084: : '-?'
configure:8092: result: no
configure:8148: checking for dsymutil
configure:8164: found /usr/bin/dsymutil
configure:8175: result: dsymutil
configure:8240: checking for nmedit
configure:8256: found /usr/bin/nmedit
configure:8267: result: nmedit
configure:8332: checking for lipo
configure:8348: found /usr/bin/lipo
configure:8359: result: lipo
configure:8424: checking for otool
configure:8440: found /usr/bin/otool
configure:8451: result: otool
configure:8516: checking for otool64
configure:8546: result: no
configure:8591: checking for -single_module linker flag
gcc -g -O2  -o libconftest.dylib -dynamiclib -Wl,-single_module conftest.c
configure:8624: result: yes
configure:8627: checking for -exported_symbols_list linker flag
configure:8647: gcc -o conftest -g -O2   -Wl,-exported_symbols_list,conftest.sym conftest.c  >&5
configure:8647: $? = 0
configure:8657: result: yes
configure:8660: checking for -force_load linker flag
gcc -g -O2 -c -o conftest.o conftest.c
ar cru libconftest.a conftest.o
ranlib libconftest.a
gcc -g -O2  -o conftest conftest.c -Wl,-force_load,./libconftest.a
configure:8692: result: yes
configure:8734: checking how to run the C preprocessor
configure:8765: gcc -E  conftest.c
configure:8765: $? = 0
configure:8779: gcc -E  conftest.c
conftest.c:14:10: fatal error: 'ac_nonexistent.h' file not found
#include <ac_nonexistent.h>
         ^
1 error generated.
configure:8779: $? = 1
configure: failed program was:
| /* confdefs.h */
| #define PACKAGE_NAME "fftw"
| #define PACKAGE_TARNAME "fftw"
| #define PACKAGE_VERSION "3.3.4"
| #define PACKAGE_STRING "fftw 3.3.4"
| #define PACKAGE_BUGREPORT "fftw@fftw.org"
| #define PACKAGE_URL ""
| #define PACKAGE "fftw"
| #define VERSION "3.3.4"
| #define FFTW_ENABLE_ALLOCA 1
| #define FFTW_SINGLE 1
| #define BENCHFFT_SINGLE 1
| /* end confdefs.h.  */
| #include <ac_nonexistent.h>
configure:8804: result: gcc -E
configure:8824: gcc -E  conftest.c
configure:8824: $? = 0
configure:8838: gcc -E  conftest.c
conftest.c:14:10: fatal error: 'ac_nonexistent.h' file not found
#include <ac_nonexistent.h>
         ^
1 error generated.
configure:8838: $? = 1
configure: failed program was:
| /* confdefs.h */
| #define PACKAGE_NAME "fftw"
| #define PACKAGE_TARNAME "fftw"
| #define PACKAGE_VERSION "3.3.4"
| #define PACKAGE_STRING "fftw 3.3.4"
| #define PACKAGE_BUGREPORT "fftw@fftw.org"
| #define PACKAGE_URL ""
| #define PACKAGE "fftw"
| #define VERSION "3.3.4"
| #define FFTW_ENABLE_ALLOCA 1
| #define FFTW_SINGLE 1
| #define BENCHFFT_SINGLE 1
| /* end confdefs.h.  */
| #include <ac_nonexistent.h>
configure:8867: checking for ANSI C header files
configure:8887: gcc -c -g -O2  conftest.c >&5
configure:8887: $? = 0
configure:8960: gcc -o conftest -g -O2   conftest.c  >&5
configure:8960: $? = 0
configure:8960: ./conftest
configure:8960: $? = 0
configure:8971: result: yes
configure:8984: checking for sys/types.h
configure:8984: gcc -c -g -O2  conftest.c >&5
configure:8984: $? = 0
configure:8984: result: yes
configure:8984: checking for sys/stat.h
configure:8984: gcc -c -g -O2  conftest.c >&5
configure:8984: $? = 0
configure:8984: result: yes
configure:8984: checking for stdlib.h
configure:8984: gcc -c -g -O2  conftest.c >&5
configure:8984: $? = 0
configure:8984: result: yes
configure:8984: checking for string.h
configure:8984: gcc -c -g -O2  conftest.c >&5
configure:8984: $? = 0
configure:8984: result: yes
configure:8984: checking for memory.h
configure:8984: gcc -c -g -O2  conftest.c >&5
configure:8984: $? = 0
configure:8984: result: yes
configure:8984: checking for strings.h
configure:8984: gcc -c -g -O2  conftest.c >&5
configure:8984: $? = 0
configure:8984: result: yes
configure:8984: checking for inttypes.h
configure:8984: gcc -c -g -O2  conftest.c >&5
configure:8984: $? = 0
configure:8984: result: yes
configure:8984: checking for stdint.h
configure:8984: gcc -c -g -O2  conftest.c >&5
configure:8984: $? = 0
configure:8984: result: yes
configure:8984: checking for unistd.h
configure:8984: gcc -c -g -O2  conftest.c >&5
configure:8984: $? = 0
configure:8984: result: yes
configure:8998: checking for dlfcn.h
configure:8998: gcc -c -g -O2  conftest.c >&5
configure:8998: $? = 0
configure:8998: result: yes
configure:9172: checking for objdir
configure:9187: result: .libs
configure:9458: checking if gcc supports -fno-rtti -fno-exceptions
configure:9476: gcc -c -g -O2  -fno-rtti -fno-exceptions conftest.c >&5
configure:9480: $? = 0
configure:9493: result: yes
configure:9820: checking for gcc option to produce PIC
configure:9827: result: -fno-common -DPIC
configure:9835: checking if gcc PIC flag -fno-common -DPIC works
configure:9853: gcc -c -g -O2  -fno-common -DPIC -DPIC conftest.c >&5
configure:9857: $? = 0
configure:9870: result: yes
configure:9899: checking if gcc static flag -static works
configure:9927: result: no
configure:9942: checking if gcc supports -c -o file.o
configure:9963: gcc -c -g -O2  -o out/conftest2.o conftest.c >&5
configure:9967: $? = 0
configure:9989: result: yes
configure:9997: checking if gcc supports -c -o file.o
configure:10044: result: yes
configure:10077: checking whether the gcc linker (/Applications/Xcode.app/Contents/Developer/Toolchains/XcodeDefault.xctoolchain/usr/bin/ld) supports shared libraries
configure:11230: result: yes
configure:11470: checking dynamic linker characteristics
configure:12203: result: darwin14.3.0 dyld
configure:12310: checking how to hardcode library paths into programs
configure:12335: result: immediate
configure:12875: checking whether stripping libraries is possible
configure:12889: result: yes
configure:12915: checking if libtool supports shared libraries
configure:12917: result: yes
configure:12920: checking whether to build shared libraries
configure:12941: result: no
configure:12944: checking whether to build static libraries
configure:12948: result: yes
configure:12988: checking for ocamlbuild
configure:13018: result: no
configure:13501: checking whether C compiler accepts -mtune=native
configure:13520: gcc -c -mtune=native  conftest.c >&5
configure:13520: $? = 0
configure:13530: result: yes
configure:13540: checking whether C compiler accepts -malign-double
configure:13559: gcc -c -malign-double  conftest.c >&5
clang: error: unknown argument: '-malign-double'
configure:13559: $? = 1
configure: failed program was:
| /* confdefs.h */
| #define PACKAGE_NAME "fftw"
| #define PACKAGE_TARNAME "fftw"
| #define PACKAGE_VERSION "3.3.4"
| #define PACKAGE_STRING "fftw 3.3.4"
| #define PACKAGE_BUGREPORT "fftw@fftw.org"
| #define PACKAGE_URL ""
| #define PACKAGE "fftw"
| #define VERSION "3.3.4"
| #define FFTW_ENABLE_ALLOCA 1
| #define FFTW_SINGLE 1
| #define BENCHFFT_SINGLE 1
| #define STDC_HEADERS 1
| #define HAVE_SYS_TYPES_H 1
| #define HAVE_SYS_STAT_H 1
| #define HAVE_STDLIB_H 1
| #define HAVE_STRING_H 1
| #define HAVE_MEMORY_H 1
| #define HAVE_STRINGS_H 1
| #define HAVE_INTTYPES_H 1
| #define HAVE_STDINT_H 1
| #define HAVE_UNISTD_H 1
| #define HAVE_DLFCN_H 1
| #define LT_OBJDIR ".libs/"
| /* end confdefs.h.  */
| 
| int
| main ()
| {
| 
|   ;
|   return 0;
| }
configure:13569: result: no
configure:13579: checking whether C compiler accepts -fstrict-aliasing
configure:13598: gcc -c -fstrict-aliasing  conftest.c >&5
configure:13598: $? = 0
configure:13608: result: yes
configure:13625: checking whether C compiler accepts -fno-schedule-insns
configure:13644: gcc -c -fno-schedule-insns  conftest.c >&5
clang: warning: optimization flag '-fno-schedule-insns' is not supported
clang: warning: argument unused during compilation: '-fno-schedule-insns'
configure:13644: $? = 0
configure:13654: result: yes
configure:13664: checking whether C compiler accepts -ffast-math
configure:13683: gcc -c -ffast-math  conftest.c >&5
configure:13683: $? = 0
configure:13693: result: yes
configure:13716: checking whether C compiler accepts -O3 -fomit-frame-pointer -mtune=native -fstrict-aliasing -fno-schedule-insns -ffast-math
configure:13731: gcc -c -O3 -fomit-frame-pointer -mtune=native -fstrict-aliasing -fno-schedule-insns -ffast-math  conftest.c >&5
clang: warning: optimization flag '-fno-schedule-insns' is not supported
clang: warning: argument unused during compilation: '-fno-schedule-insns'
configure:13731: $? = 0
configure:13739: result: yes
configure:14168: checking for ANSI C header files
configure:14272: result: yes
configure:14283: checking libintl.h usability
configure:14283: gcc -c -O3 -fomit-frame-pointer -mtune=native -fstrict-aliasing -fno-schedule-insns -ffast-math  conftest.c >&5
clang: warning: optimization flag '-fno-schedule-insns' is not supported
clang: warning: argument unused during compilation: '-fno-schedule-insns'
conftest.c:60:10: fatal error: 'libintl.h' file not found
#include <libintl.h>
         ^
1 error generated.
configure:14283: $? = 1
configure: failed program was:
| /* confdefs.h */
| #define PACKAGE_NAME "fftw"
| #define PACKAGE_TARNAME "fftw"
| #define PACKAGE_VERSION "3.3.4"
| #define PACKAGE_STRING "fftw 3.3.4"
| #define PACKAGE_BUGREPORT "fftw@fftw.org"
| #define PACKAGE_URL ""
| #define PACKAGE "fftw"
| #define VERSION "3.3.4"
| #define FFTW_ENABLE_ALLOCA 1
| #define FFTW_SINGLE 1
| #define BENCHFFT_SINGLE 1
| #define STDC_HEADERS 1
| #define HAVE_SYS_TYPES_H 1
| #define HAVE_SYS_STAT_H 1
| #define HAVE_STDLIB_H 1
| #define HAVE_STRING_H 1
| #define HAVE_MEMORY_H 1
| #define HAVE_STRINGS_H 1
| #define HAVE_INTTYPES_H 1
| #define HAVE_STDINT_H 1
| #define HAVE_UNISTD_H 1
| #define HAVE_DLFCN_H 1
| #define LT_OBJDIR ".libs/"
| #define STDC_HEADERS 1
| /* end confdefs.h.  */
| #include <stdio.h>
| #ifdef HAVE_SYS_TYPES_H
| # include <sys/types.h>
| #endif
| #ifdef HAVE_SYS_STAT_H
| # include <sys/stat.h>
| #endif
| #ifdef STDC_HEADERS
| # include <stdlib.h>
| # include <stddef.h>
| #else
| # ifdef HAVE_STDLIB_H
| #  include <stdlib.h>
| # endif
| #endif
| #ifdef HAVE_STRING_H
| # if !defined STDC_HEADERS && defined HAVE_MEMORY_H
| #  include <memory.h>
| # endif
| # include <string.h>
| #endif
| #ifdef HAVE_STRINGS_H
| # include <strings.h>
| #endif
| #ifdef HAVE_INTTYPES_H
| # include <inttypes.h>
| #endif
| #ifdef HAVE_STDINT_H
| # include <stdint.h>
| #endif
| #ifdef HAVE_UNISTD_H
| # include <unistd.h>
| #endif
| #include <libintl.h>
configure:14283: result: no
configure:14283: checking libintl.h presence
configure:14283: gcc -E  conftest.c
conftest.c:27:10: fatal error: 'libintl.h' file not found
#include <libintl.h>
         ^
1 error generated.
configure:14283: $? = 1
configure: failed program was:
| /* confdefs.h */
| #define PACKAGE_NAME "fftw"
| #define PACKAGE_TARNAME "fftw"
| #define PACKAGE_VERSION "3.3.4"
| #define PACKAGE_STRING "fftw 3.3.4"
| #define PACKAGE_BUGREPORT "fftw@fftw.org"
| #define PACKAGE_URL ""
| #define PACKAGE "fftw"
| #define VERSION "3.3.4"
| #define FFTW_ENABLE_ALLOCA 1
| #define FFTW_SINGLE 1
| #define BENCHFFT_SINGLE 1
| #define STDC_HEADERS 1
| #define HAVE_SYS_TYPES_H 1
| #define HAVE_SYS_STAT_H 1
| #define HAVE_STDLIB_H 1
| #define HAVE_STRING_H 1
| #define HAVE_MEMORY_H 1
| #define HAVE_STRINGS_H 1
| #define HAVE_INTTYPES_H 1
| #define HAVE_STDINT_H 1
| #define HAVE_UNISTD_H 1
| #define HAVE_DLFCN_H 1
| #define LT_OBJDIR ".libs/"
| #define STDC_HEADERS 1
| /* end confdefs.h.  */
| #include <libintl.h>
configure:14283: result: no
configure:14283: checking for libintl.h
configure:14283: result: no
configure:14283: checking malloc.h usability
configure:14283: gcc -c -O3 -fomit-frame-pointer -mtune=native -fstrict-aliasing -fno-schedule-insns -ffast-math  conftest.c >&5
clang: warning: optimization flag '-fno-schedule-insns' is not supported
clang: warning: argument unused during compilation: '-fno-schedule-insns'
conftest.c:60:10: fatal error: 'malloc.h' file not found
#include <malloc.h>
         ^
1 error generated.
configure:14283: $? = 1
configure: failed program was:
| /* confdefs.h */
| #define PACKAGE_NAME "fftw"
| #define PACKAGE_TARNAME "fftw"
| #define PACKAGE_VERSION "3.3.4"
| #define PACKAGE_STRING "fftw 3.3.4"
| #define PACKAGE_BUGREPORT "fftw@fftw.org"
| #define PACKAGE_URL ""
| #define PACKAGE "fftw"
| #define VERSION "3.3.4"
| #define FFTW_ENABLE_ALLOCA 1
| #define FFTW_SINGLE 1
| #define BENCHFFT_SINGLE 1
| #define STDC_HEADERS 1
| #define HAVE_SYS_TYPES_H 1
| #define HAVE_SYS_STAT_H 1
| #define HAVE_STDLIB_H 1
| #define HAVE_STRING_H 1
| #define HAVE_MEMORY_H 1
| #define HAVE_STRINGS_H 1
| #define HAVE_INTTYPES_H 1
| #define HAVE_STDINT_H 1
| #define HAVE_UNISTD_H 1
| #define HAVE_DLFCN_H 1
| #define LT_OBJDIR ".libs/"
| #define STDC_HEADERS 1
| /* end confdefs.h.  */
| #include <stdio.h>
| #ifdef HAVE_SYS_TYPES_H
| # include <sys/types.h>
| #endif
| #ifdef HAVE_SYS_STAT_H
| # include <sys/stat.h>
| #endif
| #ifdef STDC_HEADERS
| # include <stdlib.h>
| # include <stddef.h>
| #else
| # ifdef HAVE_STDLIB_H
| #  include <stdlib.h>
| # endif
| #endif
| #ifdef HAVE_STRING_H
| # if !defined STDC_HEADERS && defined HAVE_MEMORY_H
| #  include <memory.h>
| # endif
| # include <string.h>
| #endif
| #ifdef HAVE_STRINGS_H
| # include <strings.h>
| #endif
| #ifdef HAVE_INTTYPES_H
| # include <inttypes.h>
| #endif
| #ifdef HAVE_STDINT_H
| # include <stdint.h>
| #endif
| #ifdef HAVE_UNISTD_H
| # include <unistd.h>
| #endif
| #include <malloc.h>
configure:14283: result: no
configure:14283: checking malloc.h presence
configure:14283: gcc -E  conftest.c
conftest.c:27:10: fatal error: 'malloc.h' file not found
#include <malloc.h>
         ^
1 error generated.
configure:14283: $? = 1
configure: failed program was:
| /* confdefs.h */
| #define PACKAGE_NAME "fftw"
| #define PACKAGE_TARNAME "fftw"
| #define PACKAGE_VERSION "3.3.4"
| #define PACKAGE_STRING "fftw 3.3.4"
| #define PACKAGE_BUGREPORT "fftw@fftw.org"
| #define PACKAGE_URL ""
| #define PACKAGE "fftw"
| #define VERSION "3.3.4"
| #define FFTW_ENABLE_ALLOCA 1
| #define FFTW_SINGLE 1
| #define BENCHFFT_SINGLE 1
| #define STDC_HEADERS 1
| #define HAVE_SYS_TYPES_H 1
| #define HAVE_SYS_STAT_H 1
| #define HAVE_STDLIB_H 1
| #define HAVE_STRING_H 1
| #define HAVE_MEMORY_H 1
| #define HAVE_STRINGS_H 1
| #define HAVE_INTTYPES_H 1
| #define HAVE_STDINT_H 1
| #define HAVE_UNISTD_H 1
| #define HAVE_DLFCN_H 1
| #define LT_OBJDIR ".libs/"
| #define STDC_HEADERS 1
| /* end confdefs.h.  */
| #include <malloc.h>
configure:14283: result: no
configure:14283: checking for malloc.h
configure:14283: result: no
configure:14283: checking stddef.h usability
configure:14283: gcc -c -O3 -fomit-frame-pointer -mtune=native -fstrict-aliasing -fno-schedule-insns -ffast-math  conftest.c >&5
clang: warning: optimization flag '-fno-schedule-insns' is not supported
clang: warning: argument unused during compilation: '-fno-schedule-insns'
configure:14283: $? = 0
configure:14283: result: yes
configure:14283: checking stddef.h presence
configure:14283: gcc -E  conftest.c
configure:14283: $? = 0
configure:14283: result: yes
configure:14283: checking for stddef.h
configure:14283: result: yes
configure:14283: checking for stdlib.h
configure:14283: result: yes
configure:14283: checking for string.h
configure:14283: result: yes
configure:14283: checking for strings.h
configure:14283: result: yes
configure:14283: checking sys/time.h usability
configure:14283: gcc -c -O3 -fomit-frame-pointer -mtune=native -fstrict-aliasing -fno-schedule-insns -ffast-math  conftest.c >&5
clang: warning: optimization flag '-fno-schedule-insns' is not supported
clang: warning: argument unused during compilation: '-fno-schedule-insns'
configure:14283: $? = 0
configure:14283: result: yes
configure:14283: checking sys/time.h presence
configure:14283: gcc -E  conftest.c
configure:14283: $? = 0
configure:14283: result: yes
configure:14283: checking for sys/time.h
configure:14283: result: yes
configure:14283: checking for unistd.h
configure:14283: result: yes
configure:14283: checking limits.h usability
configure:14283: gcc -c -O3 -fomit-frame-pointer -mtune=native -fstrict-aliasing -fno-schedule-insns -ffast-math  conftest.c >&5
clang: warning: optimization flag '-fno-schedule-insns' is not supported
clang: warning: argument unused during compilation: '-fno-schedule-insns'
configure:14283: $? = 0
configure:14283: result: yes
configure:14283: checking limits.h presence
configure:14283: gcc -E  conftest.c
configure:14283: $? = 0
configure:14283: result: yes
configure:14283: checking for limits.h
configure:14283: result: yes
configure:14283: checking c_asm.h usability
configure:14283: gcc -c -O3 -fomit-frame-pointer -mtune=native -fstrict-aliasing -fno-schedule-insns -ffast-math  conftest.c >&5
clang: warning: optimization flag '-fno-schedule-insns' is not supported
clang: warning: argument unused during compilation: '-fno-schedule-insns'
conftest.c:67:10: fatal error: 'c_asm.h' file not found
#include <c_asm.h>
         ^
1 error generated.
configure:14283: $? = 1
configure: failed program was:
| /* confdefs.h */
| #define PACKAGE_NAME "fftw"
| #define PACKAGE_TARNAME "fftw"
| #define PACKAGE_VERSION "3.3.4"
| #define PACKAGE_STRING "fftw 3.3.4"
| #define PACKAGE_BUGREPORT "fftw@fftw.org"
| #define PACKAGE_URL ""
| #define PACKAGE "fftw"
| #define VERSION "3.3.4"
| #define FFTW_ENABLE_ALLOCA 1
| #define FFTW_SINGLE 1
| #define BENCHFFT_SINGLE 1
| #define STDC_HEADERS 1
| #define HAVE_SYS_TYPES_H 1
| #define HAVE_SYS_STAT_H 1
| #define HAVE_STDLIB_H 1
| #define HAVE_STRING_H 1
| #define HAVE_MEMORY_H 1
| #define HAVE_STRINGS_H 1
| #define HAVE_INTTYPES_H 1
| #define HAVE_STDINT_H 1
| #define HAVE_UNISTD_H 1
| #define HAVE_DLFCN_H 1
| #define LT_OBJDIR ".libs/"
| #define STDC_HEADERS 1
| #define HAVE_STDDEF_H 1
| #define HAVE_STDLIB_H 1
| #define HAVE_STRING_H 1
| #define HAVE_STRINGS_H 1
| #define HAVE_SYS_TIME_H 1
| #define HAVE_UNISTD_H 1
| #define HAVE_LIMITS_H 1
| /* end confdefs.h.  */
| #include <stdio.h>
| #ifdef HAVE_SYS_TYPES_H
| # include <sys/types.h>
| #endif
| #ifdef HAVE_SYS_STAT_H
| # include <sys/stat.h>
| #endif
| #ifdef STDC_HEADERS
| # include <stdlib.h>
| # include <stddef.h>
| #else
| # ifdef HAVE_STDLIB_H
| #  include <stdlib.h>
| # endif
| #endif
| #ifdef HAVE_STRING_H
| # if !defined STDC_HEADERS && defined HAVE_MEMORY_H
| #  include <memory.h>
| # endif
| # include <string.h>
| #endif
| #ifdef HAVE_STRINGS_H
| # include <strings.h>
| #endif
| #ifdef HAVE_INTTYPES_H
| # include <inttypes.h>
| #endif
| #ifdef HAVE_STDINT_H
| # include <stdint.h>
| #endif
| #ifdef HAVE_UNISTD_H
| # include <unistd.h>
| #endif
| #include <c_asm.h>
configure:14283: result: no
configure:14283: checking c_asm.h presence
configure:14283: gcc -E  conftest.c
conftest.c:34:10: fatal error: 'c_asm.h' file not found
#include <c_asm.h>
         ^
1 error generated.
configure:14283: $? = 1
configure: failed program was:
| /* confdefs.h */
| #define PACKAGE_NAME "fftw"
| #define PACKAGE_TARNAME "fftw"
| #define PACKAGE_VERSION "3.3.4"
| #define PACKAGE_STRING "fftw 3.3.4"
| #define PACKAGE_BUGREPORT "fftw@fftw.org"
| #define PACKAGE_URL ""
| #define PACKAGE "fftw"
| #define VERSION "3.3.4"
| #define FFTW_ENABLE_ALLOCA 1
| #define FFTW_SINGLE 1
| #define BENCHFFT_SINGLE 1
| #define STDC_HEADERS 1
| #define HAVE_SYS_TYPES_H 1
| #define HAVE_SYS_STAT_H 1
| #define HAVE_STDLIB_H 1
| #define HAVE_STRING_H 1
| #define HAVE_MEMORY_H 1
| #define HAVE_STRINGS_H 1
| #define HAVE_INTTYPES_H 1
| #define HAVE_STDINT_H 1
| #define HAVE_UNISTD_H 1
| #define HAVE_DLFCN_H 1
| #define LT_OBJDIR ".libs/"
| #define STDC_HEADERS 1
| #define HAVE_STDDEF_H 1
| #define HAVE_STDLIB_H 1
| #define HAVE_STRING_H 1
| #define HAVE_STRINGS_H 1
| #define HAVE_SYS_TIME_H 1
| #define HAVE_UNISTD_H 1
| #define HAVE_LIMITS_H 1
| /* end confdefs.h.  */
| #include <c_asm.h>
configure:14283: result: no
configure:14283: checking for c_asm.h
configure:14283: result: no
configure:14283: checking intrinsics.h usability
configure:14283: gcc -c -O3 -fomit-frame-pointer -mtune=native -fstrict-aliasing -fno-schedule-insns -ffast-math  conftest.c >&5
clang: warning: optimization flag '-fno-schedule-insns' is not supported
clang: warning: argument unused during compilation: '-fno-schedule-insns'
conftest.c:67:10: fatal error: 'intrinsics.h' file not found
#include <intrinsics.h>
         ^
1 error generated.
configure:14283: $? = 1
configure: failed program was:
| /* confdefs.h */
| #define PACKAGE_NAME "fftw"
| #define PACKAGE_TARNAME "fftw"
| #define PACKAGE_VERSION "3.3.4"
| #define PACKAGE_STRING "fftw 3.3.4"
| #define PACKAGE_BUGREPORT "fftw@fftw.org"
| #define PACKAGE_URL ""
| #define PACKAGE "fftw"
| #define VERSION "3.3.4"
| #define FFTW_ENABLE_ALLOCA 1
| #define FFTW_SINGLE 1
| #define BENCHFFT_SINGLE 1
| #define STDC_HEADERS 1
| #define HAVE_SYS_TYPES_H 1
| #define HAVE_SYS_STAT_H 1
| #define HAVE_STDLIB_H 1
| #define HAVE_STRING_H 1
| #define HAVE_MEMORY_H 1
| #define HAVE_STRINGS_H 1
| #define HAVE_INTTYPES_H 1
| #define HAVE_STDINT_H 1
| #define HAVE_UNISTD_H 1
| #define HAVE_DLFCN_H 1
| #define LT_OBJDIR ".libs/"
| #define STDC_HEADERS 1
| #define HAVE_STDDEF_H 1
| #define HAVE_STDLIB_H 1
| #define HAVE_STRING_H 1
| #define HAVE_STRINGS_H 1
| #define HAVE_SYS_TIME_H 1
| #define HAVE_UNISTD_H 1
| #define HAVE_LIMITS_H 1
| /* end confdefs.h.  */
| #include <stdio.h>
| #ifdef HAVE_SYS_TYPES_H
| # include <sys/types.h>
| #endif
| #ifdef HAVE_SYS_STAT_H
| # include <sys/stat.h>
| #endif
| #ifdef STDC_HEADERS
| # include <stdlib.h>
| # include <stddef.h>
| #else
| # ifdef HAVE_STDLIB_H
| #  include <stdlib.h>
| # endif
| #endif
| #ifdef HAVE_STRING_H
| # if !defined STDC_HEADERS && defined HAVE_MEMORY_H
| #  include <memory.h>
| # endif
| # include <string.h>
| #endif
| #ifdef HAVE_STRINGS_H
| # include <strings.h>
| #endif
| #ifdef HAVE_INTTYPES_H
| # include <inttypes.h>
| #endif
| #ifdef HAVE_STDINT_H
| # include <stdint.h>
| #endif
| #ifdef HAVE_UNISTD_H
| # include <unistd.h>
| #endif
| #include <intrinsics.h>
configure:14283: result: no
configure:14283: checking intrinsics.h presence
configure:14283: gcc -E  conftest.c
conftest.c:34:10: fatal error: 'intrinsics.h' file not found
#include <intrinsics.h>
         ^
1 error generated.
configure:14283: $? = 1
configure: failed program was:
| /* confdefs.h */
| #define PACKAGE_NAME "fftw"
| #define PACKAGE_TARNAME "fftw"
| #define PACKAGE_VERSION "3.3.4"
| #define PACKAGE_STRING "fftw 3.3.4"
| #define PACKAGE_BUGREPORT "fftw@fftw.org"
| #define PACKAGE_URL ""
| #define PACKAGE "fftw"
| #define VERSION "3.3.4"
| #define FFTW_ENABLE_ALLOCA 1
| #define FFTW_SINGLE 1
| #define BENCHFFT_SINGLE 1
| #define STDC_HEADERS 1
| #define HAVE_SYS_TYPES_H 1
| #define HAVE_SYS_STAT_H 1
| #define HAVE_STDLIB_H 1
| #define HAVE_STRING_H 1
| #define HAVE_MEMORY_H 1
| #define HAVE_STRINGS_H 1
| #define HAVE_INTTYPES_H 1
| #define HAVE_STDINT_H 1
| #define HAVE_UNISTD_H 1
| #define HAVE_DLFCN_H 1
| #define LT_OBJDIR ".libs/"
| #define STDC_HEADERS 1
| #define HAVE_STDDEF_H 1
| #define HAVE_STDLIB_H 1
| #define HAVE_STRING_H 1
| #define HAVE_STRINGS_H 1
| #define HAVE_SYS_TIME_H 1
| #define HAVE_UNISTD_H 1
| #define HAVE_LIMITS_H 1
| /* end confdefs.h.  */
| #include <intrinsics.h>
configure:14283: result: no
configure:14283: checking for intrinsics.h
configure:14283: result: no
configure:14283: checking for stdint.h
configure:14283: result: yes
configure:14283: checking mach/mach_time.h usability
configure:14283: gcc -c -O3 -fomit-frame-pointer -mtune=native -fstrict-aliasing -fno-schedule-insns -ffast-math  conftest.c >&5
clang: warning: optimization flag '-fno-schedule-insns' is not supported
clang: warning: argument unused during compilation: '-fno-schedule-insns'
configure:14283: $? = 0
configure:14283: result: yes
configure:14283: checking mach/mach_time.h presence
configure:14283: gcc -E  conftest.c
configure:14283: $? = 0
configure:14283: result: yes
configure:14283: checking for mach/mach_time.h
configure:14283: result: yes
configure:14283: checking sys/sysctl.h usability
configure:14283: gcc -c -O3 -fomit-frame-pointer -mtune=native -fstrict-aliasing -fno-schedule-insns -ffast-math  conftest.c >&5
clang: warning: optimization flag '-fno-schedule-insns' is not supported
clang: warning: argument unused during compilation: '-fno-schedule-insns'
configure:14283: $? = 0
configure:14283: result: yes
configure:14283: checking sys/sysctl.h presence
configure:14283: gcc -E  conftest.c
configure:14283: $? = 0
configure:14283: result: yes
configure:14283: checking for sys/sysctl.h
configure:14283: result: yes
configure:14300: checking altivec.h usability
configure:14300: gcc -c -O3 -fomit-frame-pointer -mtune=native -fstrict-aliasing -fno-schedule-insns -ffast-math    conftest.c >&5
clang: warning: optimization flag '-fno-schedule-insns' is not supported
clang: warning: argument unused during compilation: '-fno-schedule-insns'
In file included from conftest.c:70:
/Applications/Xcode.app/Contents/Developer/Toolchains/XcodeDefault.xctoolchain/usr/bin/../lib/clang/6.1.0/include/altivec.h:27:2: error: "AltiVec support not enabled"
#error "AltiVec support not enabled"
 ^
/Applications/Xcode.app/Contents/Developer/Toolchains/XcodeDefault.xctoolchain/usr/bin/../lib/clang/6.1.0/include/altivec.h:39:8: error: unknown type name 'vector'
static vector signed char __ATTRS_o_ai
       ^
/Applications/Xcode.app/Contents/Developer/Toolchains/XcodeDefault.xctoolchain/usr/bin/../lib/clang/6.1.0/include/altivec.h:39:15: error: expected identifier or '('
static vector signed char __ATTRS_o_ai
              ^
/Applications/Xcode.app/Contents/Developer/Toolchains/XcodeDefault.xctoolchain/usr/bin/../lib/clang/6.1.0/include/altivec.h:42:8: error: unknown type name 'vector'
static vector unsigned char __ATTRS_o_ai
       ^
/Applications/Xcode.app/Contents/Developer/Toolchains/XcodeDefault.xctoolchain/usr/bin/../lib/clang/6.1.0/include/altivec.h:42:15: error: expected identifier or '('
static vector unsigned char __ATTRS_o_ai
              ^
/Applications/Xcode.app/Contents/Developer/Toolchains/XcodeDefault.xctoolchain/usr/bin/../lib/clang/6.1.0/include/altivec.h:47:8: error: unknown type name 'vector'
static vector bool char __ATTRS_o_ai
       ^
/Applications/Xcode.app/Contents/Developer/Toolchains/XcodeDefault.xctoolchain/usr/bin/../lib/clang/6.1.0/include/altivec.h:47:19: error: expected ';' after top level declarator
static vector bool char __ATTRS_o_ai
                  ^
/Applications/Xcode.app/Contents/Developer/Toolchains/XcodeDefault.xctoolchain/usr/bin/../lib/clang/6.1.0/include/altivec.h:48:10: error: unknown type name 'vector'
vec_perm(vector bool char __a, vector bool char __b, vector unsigned char __c);
         ^
/Applications/Xcode.app/Contents/Developer/Toolchains/XcodeDefault.xctoolchain/usr/bin/../lib/clang/6.1.0/include/altivec.h:48:22: error: expected ')'
vec_perm(vector bool char __a, vector bool char __b, vector unsigned char __c);
                     ^
/Applications/Xcode.app/Contents/Developer/Toolchains/XcodeDefault.xctoolchain/usr/bin/../lib/clang/6.1.0/include/altivec.h:48:9: note: to match this '('
vec_perm(vector bool char __a, vector bool char __b, vector unsigned char __c);
        ^
/Applications/Xcode.app/Contents/Developer/Toolchains/XcodeDefault.xctoolchain/usr/bin/../lib/clang/6.1.0/include/altivec.h:50:8: error: unknown type name 'vector'
static vector short __ATTRS_o_ai
       ^
/Applications/Xcode.app/Contents/Developer/Toolchains/XcodeDefault.xctoolchain/usr/bin/../lib/clang/6.1.0/include/altivec.h:50:15: error: expected identifier or '('
static vector short __ATTRS_o_ai
              ^
/Applications/Xcode.app/Contents/Developer/Toolchains/XcodeDefault.xctoolchain/usr/bin/../lib/clang/6.1.0/include/altivec.h:53:8: error: unknown type name 'vector'
static vector unsigned short __ATTRS_o_ai
       ^
/Applications/Xcode.app/Contents/Developer/Toolchains/XcodeDefault.xctoolchain/usr/bin/../lib/clang/6.1.0/include/altivec.h:53:15: error: expected identifier or '('
static vector unsigned short __ATTRS_o_ai
              ^
/Applications/Xcode.app/Contents/Developer/Toolchains/XcodeDefault.xctoolchain/usr/bin/../lib/clang/6.1.0/include/altivec.h:58:8: error: unknown type name 'vector'
static vector bool short __ATTRS_o_ai
       ^
/Applications/Xcode.app/Contents/Developer/Toolchains/XcodeDefault.xctoolchain/usr/bin/../lib/clang/6.1.0/include/altivec.h:58:19: error: expected ';' after top level declarator
static vector bool short __ATTRS_o_ai
                  ^
/Applications/Xcode.app/Contents/Developer/Toolchains/XcodeDefault.xctoolchain/usr/bin/../lib/clang/6.1.0/include/altivec.h:59:10: error: unknown type name 'vector'
vec_perm(vector bool short __a, vector bool short __b, vector unsigned char __c);
         ^
/Applications/Xcode.app/Contents/Developer/Toolchains/XcodeDefault.xctoolchain/usr/bin/../lib/clang/6.1.0/include/altivec.h:59:22: error: expected ')'
vec_perm(vector bool short __a, vector bool short __b, vector unsigned char __c);
                     ^
/Applications/Xcode.app/Contents/Developer/Toolchains/XcodeDefault.xctoolchain/usr/bin/../lib/clang/6.1.0/include/altivec.h:59:9: note: to match this '('
vec_perm(vector bool short __a, vector bool short __b, vector unsigned char __c);
        ^
/Applications/Xcode.app/Contents/Developer/Toolchains/XcodeDefault.xctoolchain/usr/bin/../lib/clang/6.1.0/include/altivec.h:61:8: error: unknown type name 'vector'
static vector pixel __ATTRS_o_ai
       ^
/Applications/Xcode.app/Contents/Developer/Toolchains/XcodeDefault.xctoolchain/usr/bin/../lib/clang/6.1.0/include/altivec.h:61:21: error: '__overloadable__' attribute only applies to functions
static vector pixel __ATTRS_o_ai
                    ^
/Applications/Xcode.app/Contents/Developer/Toolchains/XcodeDefault.xctoolchain/usr/bin/../lib/clang/6.1.0/include/altivec.h:37:37: note: expanded from macro '__ATTRS_o_ai'
#define __ATTRS_o_ai __attribute__((__overloadable__, __always_inline__))
                                    ^
fatal error: too many errors emitted, stopping now [-ferror-limit=]
20 errors generated.
configure:14300: $? = 1
configure: failed program was:
| /* confdefs.h */
| #define PACKAGE_NAME "fftw"
| #define PACKAGE_TARNAME "fftw"
| #define PACKAGE_VERSION "3.3.4"
| #define PACKAGE_STRING "fftw 3.3.4"
| #define PACKAGE_BUGREPORT "fftw@fftw.org"
| #define PACKAGE_URL ""
| #define PACKAGE "fftw"
| #define VERSION "3.3.4"
| #define FFTW_ENABLE_ALLOCA 1
| #define FFTW_SINGLE 1
| #define BENCHFFT_SINGLE 1
| #define STDC_HEADERS 1
| #define HAVE_SYS_TYPES_H 1
| #define HAVE_SYS_STAT_H 1
| #define HAVE_STDLIB_H 1
| #define HAVE_STRING_H 1
| #define HAVE_MEMORY_H 1
| #define HAVE_STRINGS_H 1
| #define HAVE_INTTYPES_H 1
| #define HAVE_STDINT_H 1
| #define HAVE_UNISTD_H 1
| #define HAVE_DLFCN_H 1
| #define LT_OBJDIR ".libs/"
| #define STDC_HEADERS 1
| #define HAVE_STDDEF_H 1
| #define HAVE_STDLIB_H 1
| #define HAVE_STRING_H 1
| #define HAVE_STRINGS_H 1
| #define HAVE_SYS_TIME_H 1
| #define HAVE_UNISTD_H 1
| #define HAVE_LIMITS_H 1
| #define HAVE_STDINT_H 1
| #define HAVE_MACH_MACH_TIME_H 1
| #define HAVE_SYS_SYSCTL_H 1
| /* end confdefs.h.  */
| #include <stdio.h>
| #ifdef HAVE_SYS_TYPES_H
| # include <sys/types.h>
| #endif
| #ifdef HAVE_SYS_STAT_H
| # include <sys/stat.h>
| #endif
| #ifdef STDC_HEADERS
| # include <stdlib.h>
| # include <stddef.h>
| #else
| # ifdef HAVE_STDLIB_H
| #  include <stdlib.h>
| # endif
| #endif
| #ifdef HAVE_STRING_H
| # if !defined STDC_HEADERS && defined HAVE_MEMORY_H
| #  include <memory.h>
| # endif
| # include <string.h>
| #endif
| #ifdef HAVE_STRINGS_H
| # include <strings.h>
| #endif
| #ifdef HAVE_INTTYPES_H
| # include <inttypes.h>
| #endif
| #ifdef HAVE_STDINT_H
| # include <stdint.h>
| #endif
| #ifdef HAVE_UNISTD_H
| # include <unistd.h>
| #endif
| #include <altivec.h>
configure:14300: result: no
configure:14300: checking altivec.h presence
configure:14300: gcc -E   conftest.c
In file included from conftest.c:37:
/Applications/Xcode.app/Contents/Developer/Toolchains/XcodeDefault.xctoolchain/usr/bin/../lib/clang/6.1.0/include/altivec.h:27:2: error: "AltiVec support not enabled"
#error "AltiVec support not enabled"
 ^
1 error generated.
configure:14300: $? = 1
configure: failed program was:
| /* confdefs.h */
| #define PACKAGE_NAME "fftw"
| #define PACKAGE_TARNAME "fftw"
| #define PACKAGE_VERSION "3.3.4"
| #define PACKAGE_STRING "fftw 3.3.4"
| #define PACKAGE_BUGREPORT "fftw@fftw.org"
| #define PACKAGE_URL ""
| #define PACKAGE "fftw"
| #define VERSION "3.3.4"
| #define FFTW_ENABLE_ALLOCA 1
| #define FFTW_SINGLE 1
| #define BENCHFFT_SINGLE 1
| #define STDC_HEADERS 1
| #define HAVE_SYS_TYPES_H 1
| #define HAVE_SYS_STAT_H 1
| #define HAVE_STDLIB_H 1
| #define HAVE_STRING_H 1
| #define HAVE_MEMORY_H 1
| #define HAVE_STRINGS_H 1
| #define HAVE_INTTYPES_H 1
| #define HAVE_STDINT_H 1
| #define HAVE_UNISTD_H 1
| #define HAVE_DLFCN_H 1
| #define LT_OBJDIR ".libs/"
| #define STDC_HEADERS 1
| #define HAVE_STDDEF_H 1
| #define HAVE_STDLIB_H 1
| #define HAVE_STRING_H 1
| #define HAVE_STRINGS_H 1
| #define HAVE_SYS_TIME_H 1
| #define HAVE_UNISTD_H 1
| #define HAVE_LIMITS_H 1
| #define HAVE_STDINT_H 1
| #define HAVE_MACH_MACH_TIME_H 1
| #define HAVE_SYS_SYSCTL_H 1
| /* end confdefs.h.  */
| #include <altivec.h>
configure:14300: result: no
configure:14300: checking for altivec.h
configure:14300: result: no
configure:14314: checking for an ANSI C-conforming const
configure:14380: gcc -c -O3 -fomit-frame-pointer -mtune=native -fstrict-aliasing -fno-schedule-insns -ffast-math  conftest.c >&5
clang: warning: optimization flag '-fno-schedule-insns' is not supported
clang: warning: argument unused during compilation: '-fno-schedule-insns'
configure:14380: $? = 0
configure:14387: result: yes
configure:14395: checking for inline
configure:14411: gcc -c -O3 -fomit-frame-pointer -mtune=native -fstrict-aliasing -fno-schedule-insns -ffast-math  conftest.c >&5
clang: warning: optimization flag '-fno-schedule-insns' is not supported
clang: warning: argument unused during compilation: '-fno-schedule-insns'
configure:14411: $? = 0
configure:14419: result: inline
configure:14437: checking for size_t
configure:14437: gcc -c -O3 -fomit-frame-pointer -mtune=native -fstrict-aliasing -fno-schedule-insns -ffast-math  conftest.c >&5
clang: warning: optimization flag '-fno-schedule-insns' is not supported
clang: warning: argument unused during compilation: '-fno-schedule-insns'
configure:14437: $? = 0
configure:14437: gcc -c -O3 -fomit-frame-pointer -mtune=native -fstrict-aliasing -fno-schedule-insns -ffast-math  conftest.c >&5
clang: warning: optimization flag '-fno-schedule-insns' is not supported
clang: warning: argument unused during compilation: '-fno-schedule-insns'
conftest.c:73:21: error: expected expression
if (sizeof ((size_t)))
                    ^
1 error generated.
configure:14437: $? = 1
configure: failed program was:
| /* confdefs.h */
| #define PACKAGE_NAME "fftw"
| #define PACKAGE_TARNAME "fftw"
| #define PACKAGE_VERSION "3.3.4"
| #define PACKAGE_STRING "fftw 3.3.4"
| #define PACKAGE_BUGREPORT "fftw@fftw.org"
| #define PACKAGE_URL ""
| #define PACKAGE "fftw"
| #define VERSION "3.3.4"
| #define FFTW_ENABLE_ALLOCA 1
| #define FFTW_SINGLE 1
| #define BENCHFFT_SINGLE 1
| #define STDC_HEADERS 1
| #define HAVE_SYS_TYPES_H 1
| #define HAVE_SYS_STAT_H 1
| #define HAVE_STDLIB_H 1
| #define HAVE_STRING_H 1
| #define HAVE_MEMORY_H 1
| #define HAVE_STRINGS_H 1
| #define HAVE_INTTYPES_H 1
| #define HAVE_STDINT_H 1
| #define HAVE_UNISTD_H 1
| #define HAVE_DLFCN_H 1
| #define LT_OBJDIR ".libs/"
| #define STDC_HEADERS 1
| #define HAVE_STDDEF_H 1
| #define HAVE_STDLIB_H 1
| #define HAVE_STRING_H 1
| #define HAVE_STRINGS_H 1
| #define HAVE_SYS_TIME_H 1
| #define HAVE_UNISTD_H 1
| #define HAVE_LIMITS_H 1
| #define HAVE_STDINT_H 1
| #define HAVE_MACH_MACH_TIME_H 1
| #define HAVE_SYS_SYSCTL_H 1
| /* end confdefs.h.  */
| #include <stdio.h>
| #ifdef HAVE_SYS_TYPES_H
| # include <sys/types.h>
| #endif
| #ifdef HAVE_SYS_STAT_H
| # include <sys/stat.h>
| #endif
| #ifdef STDC_HEADERS
| # include <stdlib.h>
| # include <stddef.h>
| #else
| # ifdef HAVE_STDLIB_H
| #  include <stdlib.h>
| # endif
| #endif
| #ifdef HAVE_STRING_H
| # if !defined STDC_HEADERS && defined HAVE_MEMORY_H
| #  include <memory.h>
| # endif
| # include <string.h>
| #endif
| #ifdef HAVE_STRINGS_H
| # include <strings.h>
| #endif
| #ifdef HAVE_INTTYPES_H
| # include <inttypes.h>
| #endif
| #ifdef HAVE_STDINT_H
| # include <stdint.h>
| #endif
| #ifdef HAVE_UNISTD_H
| # include <unistd.h>
| #endif
| int
| main ()
| {
| if (sizeof ((size_t)))
| 	    return 0;
|   ;
|   return 0;
| }
configure:14437: result: yes
configure:14448: checking whether time.h and sys/time.h may both be included
configure:14468: gcc -c -O3 -fomit-frame-pointer -mtune=native -fstrict-aliasing -fno-schedule-insns -ffast-math  conftest.c >&5
clang: warning: optimization flag '-fno-schedule-insns' is not supported
clang: warning: argument unused during compilation: '-fno-schedule-insns'
configure:14468: $? = 0
configure:14475: result: yes
configure:14483: checking for long double
configure:14483: gcc -c -O3 -fomit-frame-pointer -mtune=native -fstrict-aliasing -fno-schedule-insns -ffast-math  conftest.c >&5
clang: warning: optimization flag '-fno-schedule-insns' is not supported
clang: warning: argument unused during compilation: '-fno-schedule-insns'
configure:14483: $? = 0
configure:14483: gcc -c -O3 -fomit-frame-pointer -mtune=native -fstrict-aliasing -fno-schedule-insns -ffast-math  conftest.c >&5
clang: warning: optimization flag '-fno-schedule-insns' is not supported
clang: warning: argument unused during compilation: '-fno-schedule-insns'
conftest.c:74:26: error: expected expression
if (sizeof ((long double)))
                         ^
1 error generated.
configure:14483: $? = 1
configure: failed program was:
| /* confdefs.h */
| #define PACKAGE_NAME "fftw"
| #define PACKAGE_TARNAME "fftw"
| #define PACKAGE_VERSION "3.3.4"
| #define PACKAGE_STRING "fftw 3.3.4"
| #define PACKAGE_BUGREPORT "fftw@fftw.org"
| #define PACKAGE_URL ""
| #define PACKAGE "fftw"
| #define VERSION "3.3.4"
| #define FFTW_ENABLE_ALLOCA 1
| #define FFTW_SINGLE 1
| #define BENCHFFT_SINGLE 1
| #define STDC_HEADERS 1
| #define HAVE_SYS_TYPES_H 1
| #define HAVE_SYS_STAT_H 1
| #define HAVE_STDLIB_H 1
| #define HAVE_STRING_H 1
| #define HAVE_MEMORY_H 1
| #define HAVE_STRINGS_H 1
| #define HAVE_INTTYPES_H 1
| #define HAVE_STDINT_H 1
| #define HAVE_UNISTD_H 1
| #define HAVE_DLFCN_H 1
| #define LT_OBJDIR ".libs/"
| #define STDC_HEADERS 1
| #define HAVE_STDDEF_H 1
| #define HAVE_STDLIB_H 1
| #define HAVE_STRING_H 1
| #define HAVE_STRINGS_H 1
| #define HAVE_SYS_TIME_H 1
| #define HAVE_UNISTD_H 1
| #define HAVE_LIMITS_H 1
| #define HAVE_STDINT_H 1
| #define HAVE_MACH_MACH_TIME_H 1
| #define HAVE_SYS_SYSCTL_H 1
| #define TIME_WITH_SYS_TIME 1
| /* end confdefs.h.  */
| #include <stdio.h>
| #ifdef HAVE_SYS_TYPES_H
| # include <sys/types.h>
| #endif
| #ifdef HAVE_SYS_STAT_H
| # include <sys/stat.h>
| #endif
| #ifdef STDC_HEADERS
| # include <stdlib.h>
| # include <stddef.h>
| #else
| # ifdef HAVE_STDLIB_H
| #  include <stdlib.h>
| # endif
| #endif
| #ifdef HAVE_STRING_H
| # if !defined STDC_HEADERS && defined HAVE_MEMORY_H
| #  include <memory.h>
| # endif
| # include <string.h>
| #endif
| #ifdef HAVE_STRINGS_H
| # include <strings.h>
| #endif
| #ifdef HAVE_INTTYPES_H
| # include <inttypes.h>
| #endif
| #ifdef HAVE_STDINT_H
| # include <stdint.h>
| #endif
| #ifdef HAVE_UNISTD_H
| # include <unistd.h>
| #endif
| int
| main ()
| {
| if (sizeof ((long double)))
| 	    return 0;
|   ;
|   return 0;
| }
configure:14483: result: yes
configure:14496: checking for hrtime_t
configure:14496: gcc -c -O3 -fomit-frame-pointer -mtune=native -fstrict-aliasing -fno-schedule-insns -ffast-math  conftest.c >&5
clang: warning: optimization flag '-fno-schedule-insns' is not supported
clang: warning: argument unused during compilation: '-fno-schedule-insns'
conftest.c:48:13: error: use of undeclared identifier 'hrtime_t'; did you mean 'time_t'?
if (sizeof (hrtime_t))
            ^
/usr/include/sys/_types/_time_t.h:30:26: note: 'time_t' declared here
typedef __darwin_time_t         time_t; 
                                ^
1 error generated.
configure:14496: $? = 1
configure: failed program was:
| /* confdefs.h */
| #define PACKAGE_NAME "fftw"
| #define PACKAGE_TARNAME "fftw"
| #define PACKAGE_VERSION "3.3.4"
| #define PACKAGE_STRING "fftw 3.3.4"
| #define PACKAGE_BUGREPORT "fftw@fftw.org"
| #define PACKAGE_URL ""
| #define PACKAGE "fftw"
| #define VERSION "3.3.4"
| #define FFTW_ENABLE_ALLOCA 1
| #define FFTW_SINGLE 1
| #define BENCHFFT_SINGLE 1
| #define STDC_HEADERS 1
| #define HAVE_SYS_TYPES_H 1
| #define HAVE_SYS_STAT_H 1
| #define HAVE_STDLIB_H 1
| #define HAVE_STRING_H 1
| #define HAVE_MEMORY_H 1
| #define HAVE_STRINGS_H 1
| #define HAVE_INTTYPES_H 1
| #define HAVE_STDINT_H 1
| #define HAVE_UNISTD_H 1
| #define HAVE_DLFCN_H 1
| #define LT_OBJDIR ".libs/"
| #define STDC_HEADERS 1
| #define HAVE_STDDEF_H 1
| #define HAVE_STDLIB_H 1
| #define HAVE_STRING_H 1
| #define HAVE_STRINGS_H 1
| #define HAVE_SYS_TIME_H 1
| #define HAVE_UNISTD_H 1
| #define HAVE_LIMITS_H 1
| #define HAVE_STDINT_H 1
| #define HAVE_MACH_MACH_TIME_H 1
| #define HAVE_SYS_SYSCTL_H 1
| #define TIME_WITH_SYS_TIME 1
| #define HAVE_LONG_DOUBLE 1
| /* end confdefs.h.  */
| 
| #if HAVE_SYS_TIME_H
| #include <sys/time.h>
| #endif
| 
| 
| int
| main ()
| {
| if (sizeof (hrtime_t))
| 	 return 0;
|   ;
|   return 0;
| }
configure:14496: result: no
configure:14513: checking size of int
configure:14518: gcc -o conftest -O3 -fomit-frame-pointer -mtune=native -fstrict-aliasing -fno-schedule-insns -ffast-math   conftest.c  >&5
clang: warning: optimization flag '-fno-schedule-insns' is not supported
clang: warning: argument unused during compilation: '-fno-schedule-insns'
configure:14518: $? = 0
configure:14518: ./conftest
configure:14518: $? = 0
configure:14532: result: 4
configure:14546: checking size of unsigned int
configure:14551: gcc -o conftest -O3 -fomit-frame-pointer -mtune=native -fstrict-aliasing -fno-schedule-insns -ffast-math   conftest.c  >&5
clang: warning: optimization flag '-fno-schedule-insns' is not supported
clang: warning: argument unused during compilation: '-fno-schedule-insns'
configure:14551: $? = 0
configure:14551: ./conftest
configure:14551: $? = 0
configure:14565: result: 4
configure:14579: checking size of long
configure:14584: gcc -o conftest -O3 -fomit-frame-pointer -mtune=native -fstrict-aliasing -fno-schedule-insns -ffast-math   conftest.c  >&5
clang: warning: optimization flag '-fno-schedule-insns' is not supported
clang: warning: argument unused during compilation: '-fno-schedule-insns'
configure:14584: $? = 0
configure:14584: ./conftest
configure:14584: $? = 0
configure:14598: result: 8
configure:14612: checking size of unsigned long
configure:14617: gcc -o conftest -O3 -fomit-frame-pointer -mtune=native -fstrict-aliasing -fno-schedule-insns -ffast-math   conftest.c  >&5
clang: warning: optimization flag '-fno-schedule-insns' is not supported
clang: warning: argument unused during compilation: '-fno-schedule-insns'
configure:14617: $? = 0
configure:14617: ./conftest
configure:14617: $? = 0
configure:14631: result: 8
configure:14645: checking size of long long
configure:14650: gcc -o conftest -O3 -fomit-frame-pointer -mtune=native -fstrict-aliasing -fno-schedule-insns -ffast-math   conftest.c  >&5
clang: warning: optimization flag '-fno-schedule-insns' is not supported
clang: warning: argument unused during compilation: '-fno-schedule-insns'
configure:14650: $? = 0
configure:14650: ./conftest
configure:14650: $? = 0
configure:14664: result: 8
configure:14678: checking size of unsigned long long
configure:14683: gcc -o conftest -O3 -fomit-frame-pointer -mtune=native -fstrict-aliasing -fno-schedule-insns -ffast-math   conftest.c  >&5
clang: warning: optimization flag '-fno-schedule-insns' is not supported
clang: warning: argument unused during compilation: '-fno-schedule-insns'
configure:14683: $? = 0
configure:14683: ./conftest
configure:14683: $? = 0
configure:14697: result: 8
configure:14711: checking size of size_t
configure:14716: gcc -o conftest -O3 -fomit-frame-pointer -mtune=native -fstrict-aliasing -fno-schedule-insns -ffast-math   conftest.c  >&5
clang: warning: optimization flag '-fno-schedule-insns' is not supported
clang: warning: argument unused during compilation: '-fno-schedule-insns'
configure:14716: $? = 0
configure:14716: ./conftest
configure:14716: $? = 0
configure:14730: result: 8
configure:14744: checking size of ptrdiff_t
configure:14749: gcc -o conftest -O3 -fomit-frame-pointer -mtune=native -fstrict-aliasing -fno-schedule-insns -ffast-math   conftest.c  >&5
clang: warning: optimization flag '-fno-schedule-insns' is not supported
clang: warning: argument unused during compilation: '-fno-schedule-insns'
configure:14749: $? = 0
configure:14749: ./conftest
configure:14749: $? = 0
configure:14763: result: 8
configure:14774: checking for uintptr_t
configure:14774: gcc -c -O3 -fomit-frame-pointer -mtune=native -fstrict-aliasing -fno-schedule-insns -ffast-math  conftest.c >&5
clang: warning: optimization flag '-fno-schedule-insns' is not supported
clang: warning: argument unused during compilation: '-fno-schedule-insns'
configure:14774: $? = 0
configure:14774: gcc -c -O3 -fomit-frame-pointer -mtune=native -fstrict-aliasing -fno-schedule-insns -ffast-math  conftest.c >&5
clang: warning: optimization flag '-fno-schedule-insns' is not supported
clang: warning: argument unused during compilation: '-fno-schedule-insns'
conftest.c:87:24: error: expected expression
if (sizeof ((uintptr_t)))
                       ^
1 error generated.
configure:14774: $? = 1
configure: failed program was:
| /* confdefs.h */
| #define PACKAGE_NAME "fftw"
| #define PACKAGE_TARNAME "fftw"
| #define PACKAGE_VERSION "3.3.4"
| #define PACKAGE_STRING "fftw 3.3.4"
| #define PACKAGE_BUGREPORT "fftw@fftw.org"
| #define PACKAGE_URL ""
| #define PACKAGE "fftw"
| #define VERSION "3.3.4"
| #define FFTW_ENABLE_ALLOCA 1
| #define FFTW_SINGLE 1
| #define BENCHFFT_SINGLE 1
| #define STDC_HEADERS 1
| #define HAVE_SYS_TYPES_H 1
| #define HAVE_SYS_STAT_H 1
| #define HAVE_STDLIB_H 1
| #define HAVE_STRING_H 1
| #define HAVE_MEMORY_H 1
| #define HAVE_STRINGS_H 1
| #define HAVE_INTTYPES_H 1
| #define HAVE_STDINT_H 1
| #define HAVE_UNISTD_H 1
| #define HAVE_DLFCN_H 1
| #define LT_OBJDIR ".libs/"
| #define STDC_HEADERS 1
| #define HAVE_STDDEF_H 1
| #define HAVE_STDLIB_H 1
| #define HAVE_STRING_H 1
| #define HAVE_STRINGS_H 1
| #define HAVE_SYS_TIME_H 1
| #define HAVE_UNISTD_H 1
| #define HAVE_LIMITS_H 1
| #define HAVE_STDINT_H 1
| #define HAVE_MACH_MACH_TIME_H 1
| #define HAVE_SYS_SYSCTL_H 1
| #define TIME_WITH_SYS_TIME 1
| #define HAVE_LONG_DOUBLE 1
| #define SIZEOF_INT 4
| #define SIZEOF_UNSIGNED_INT 4
| #define SIZEOF_LONG 8
| #define SIZEOF_UNSIGNED_LONG 8
| #define SIZEOF_LONG_LONG 8
| #define SIZEOF_UNSIGNED_LONG_LONG 8
| #define SIZEOF_SIZE_T 8
| #define SIZEOF_PTRDIFF_T 8
| /* end confdefs.h.  */
| #include <stdio.h>
| #ifdef HAVE_SYS_TYPES_H
| # include <sys/types.h>
| #endif
| #ifdef HAVE_SYS_STAT_H
| # include <sys/stat.h>
| #endif
| #ifdef STDC_HEADERS
| # include <stdlib.h>
| # include <stddef.h>
| #else
| # ifdef HAVE_STDLIB_H
| #  include <stdlib.h>
| # endif
| #endif
| #ifdef HAVE_STRING_H
| # if !defined STDC_HEADERS && defined HAVE_MEMORY_H
| #  include <memory.h>
| # endif
| # include <string.h>
| #endif
| #ifdef HAVE_STRINGS_H
| # include <strings.h>
| #endif
| #ifdef HAVE_INTTYPES_H
| # include <inttypes.h>
| #endif
| #ifdef HAVE_STDINT_H
| # include <stdint.h>
| #endif
| #ifdef HAVE_UNISTD_H
| # include <unistd.h>
| #endif
| #ifdef HAVE_STDINT_H
| #  include <stdint.h>
| #endif
| 
| int
| main ()
| {
| if (sizeof ((uintptr_t)))
| 	    return 0;
|   ;
|   return 0;
| }
configure:14774: result: yes
configure:14827: checking size of float
configure:14832: gcc -o conftest -O3 -fomit-frame-pointer -mtune=native -fstrict-aliasing -fno-schedule-insns -ffast-math   conftest.c  >&5
clang: warning: optimization flag '-fno-schedule-insns' is not supported
clang: warning: argument unused during compilation: '-fno-schedule-insns'
configure:14832: $? = 0
configure:14832: ./conftest
configure:14832: $? = 0
configure:14846: result: 4
configure:14860: checking size of double
configure:14865: gcc -o conftest -O3 -fomit-frame-pointer -mtune=native -fstrict-aliasing -fno-schedule-insns -ffast-math   conftest.c  >&5
clang: warning: optimization flag '-fno-schedule-insns' is not supported
clang: warning: argument unused during compilation: '-fno-schedule-insns'
configure:14865: $? = 0
configure:14865: ./conftest
configure:14865: $? = 0
configure:14879: result: 8
configure:14894: checking size of fftw_r2r_kind
configure:14899: gcc -o conftest -O3 -fomit-frame-pointer -mtune=native -fstrict-aliasing -fno-schedule-insns -ffast-math   conftest.c  >&5
clang: warning: optimization flag '-fno-schedule-insns' is not supported
clang: warning: argument unused during compilation: '-fno-schedule-insns'
configure:14899: $? = 0
configure:14899: ./conftest
configure:14899: $? = 0
configure:14918: result: 4
configure:14934: checking for working alloca.h
configure:14951: gcc -o conftest -O3 -fomit-frame-pointer -mtune=native -fstrict-aliasing -fno-schedule-insns -ffast-math   conftest.c  >&5
clang: warning: optimization flag '-fno-schedule-insns' is not supported
clang: warning: argument unused during compilation: '-fno-schedule-insns'
configure:14951: $? = 0
configure:14959: result: yes
configure:14967: checking for alloca
configure:15004: gcc -o conftest -O3 -fomit-frame-pointer -mtune=native -fstrict-aliasing -fno-schedule-insns -ffast-math   conftest.c  >&5
clang: warning: optimization flag '-fno-schedule-insns' is not supported
clang: warning: argument unused during compilation: '-fno-schedule-insns'
configure:15004: $? = 0
configure:15012: result: yes
configure:15118: checking for working strtod
configure:15159: gcc -o conftest -O3 -fomit-frame-pointer -mtune=native -fstrict-aliasing -fno-schedule-insns -ffast-math   conftest.c  >&5
clang: warning: optimization flag '-fno-schedule-insns' is not supported
clang: warning: argument unused during compilation: '-fno-schedule-insns'
configure:15159: $? = 0
configure:15159: ./conftest
configure:15159: $? = 0
configure:15169: result: yes
configure:15233: checking for vprintf
configure:15233: gcc -o conftest -O3 -fomit-frame-pointer -mtune=native -fstrict-aliasing -fno-schedule-insns -ffast-math   conftest.c  >&5
clang: warning: optimization flag '-fno-schedule-insns' is not supported
clang: warning: argument unused during compilation: '-fno-schedule-insns'
conftest.c:76:6: warning: incompatible redeclaration of library function 'vprintf' [-Wincompatible-library-redeclaration]
char vprintf ();
     ^
conftest.c:76:6: note: 'vprintf' is a builtin with type 'int (const char *, __va_list_tag *)'
1 warning generated.
configure:15233: $? = 0
configure:15233: result: yes
configure:15239: checking for _doprnt
configure:15239: gcc -o conftest -O3 -fomit-frame-pointer -mtune=native -fstrict-aliasing -fno-schedule-insns -ffast-math   conftest.c  >&5
clang: warning: optimization flag '-fno-schedule-insns' is not supported
clang: warning: argument unused during compilation: '-fno-schedule-insns'
Undefined symbols for architecture x86_64:
  "__doprnt", referenced from:
      _main in conftest-c94095.o
ld: symbol(s) not found for architecture x86_64
clang: error: linker command failed with exit code 1 (use -v to see invocation)
configure:15239: $? = 1
configure: failed program was:
| /* confdefs.h */
| #define PACKAGE_NAME "fftw"
| #define PACKAGE_TARNAME "fftw"
| #define PACKAGE_VERSION "3.3.4"
| #define PACKAGE_STRING "fftw 3.3.4"
| #define PACKAGE_BUGREPORT "fftw@fftw.org"
| #define PACKAGE_URL ""
| #define PACKAGE "fftw"
| #define VERSION "3.3.4"
| #define FFTW_ENABLE_ALLOCA 1
| #define FFTW_SINGLE 1
| #define BENCHFFT_SINGLE 1
| #define STDC_HEADERS 1
| #define HAVE_SYS_TYPES_H 1
| #define HAVE_SYS_STAT_H 1
| #define HAVE_STDLIB_H 1
| #define HAVE_STRING_H 1
| #define HAVE_MEMORY_H 1
| #define HAVE_STRINGS_H 1
| #define HAVE_INTTYPES_H 1
| #define HAVE_STDINT_H 1
| #define HAVE_UNISTD_H 1
| #define HAVE_DLFCN_H 1
| #define LT_OBJDIR ".libs/"
| #define STDC_HEADERS 1
| #define HAVE_STDDEF_H 1
| #define HAVE_STDLIB_H 1
| #define HAVE_STRING_H 1
| #define HAVE_STRINGS_H 1
| #define HAVE_SYS_TIME_H 1
| #define HAVE_UNISTD_H 1
| #define HAVE_LIMITS_H 1
| #define HAVE_STDINT_H 1
| #define HAVE_MACH_MACH_TIME_H 1
| #define HAVE_SYS_SYSCTL_H 1
| #define TIME_WITH_SYS_TIME 1
| #define HAVE_LONG_DOUBLE 1
| #define SIZEOF_INT 4
| #define SIZEOF_UNSIGNED_INT 4
| #define SIZEOF_LONG 8
| #define SIZEOF_UNSIGNED_LONG 8
| #define SIZEOF_LONG_LONG 8
| #define SIZEOF_UNSIGNED_LONG_LONG 8
| #define SIZEOF_SIZE_T 8
| #define SIZEOF_PTRDIFF_T 8
| #define HAVE_UINTPTR_T 1
| #define SIZEOF_FLOAT 4
| #define SIZEOF_DOUBLE 8
| #define SIZEOF_FFTW_R2R_KIND 4
| #define HAVE_ALLOCA_H 1
| #define HAVE_ALLOCA 1
| #define HAVE_VPRINTF 1
| /* end confdefs.h.  */
| /* Define _doprnt to an innocuous variant, in case <limits.h> declares _doprnt.
|    For example, HP-UX 11i <limits.h> declares gettimeofday.  */
| #define _doprnt innocuous__doprnt
| 
| /* System header to define __stub macros and hopefully few prototypes,
|     which can conflict with char _doprnt (); below.
|     Prefer <limits.h> to <assert.h> if __STDC__ is defined, since
|     <limits.h> exists even on freestanding compilers.  */
| 
| #ifdef __STDC__
| # include <limits.h>
| #else
| # include <assert.h>
| #endif
| 
| #undef _doprnt
| 
| /* Override any GCC internal prototype to avoid an error.
|    Use char because int might match the return type of a GCC
|    builtin and then its argument prototype would still apply.  */
| #ifdef __cplusplus
| extern "C"
| #endif
| char _doprnt ();
| /* The GNU C library defines this for functions which it implements
|     to always fail with ENOSYS.  Some functions are actually named
|     something starting with __ and the normal name is an alias.  */
| #if defined __stub__doprnt || defined __stub____doprnt
| choke me
| #endif
| 
| int
| main ()
| {
| return _doprnt ();
|   ;
|   return 0;
| }
configure:15239: result: no
configure:15250: checking for sin in -lm
configure:15275: gcc -o conftest -O3 -fomit-frame-pointer -mtune=native -fstrict-aliasing -fno-schedule-insns -ffast-math   conftest.c -lm   >&5
clang: warning: optimization flag '-fno-schedule-insns' is not supported
conftest.c:61:6: warning: incompatible redeclaration of library function 'sin' [-Wincompatible-library-redeclaration]
char sin ();
     ^
conftest.c:61:6: note: 'sin' is a builtin with type 'double (double)'
1 warning generated.
configure:15275: $? = 0
configure:15284: result: yes
configure:15389: checking for BSDgettimeofday
configure:15389: gcc -o conftest -O3 -fomit-frame-pointer -mtune=native -fstrict-aliasing -fno-schedule-insns -ffast-math   conftest.c -lm  >&5
clang: warning: optimization flag '-fno-schedule-insns' is not supported
Undefined symbols for architecture x86_64:
  "_BSDgettimeofday", referenced from:
      _main in conftest-68b8b1.o
ld: symbol(s) not found for architecture x86_64
clang: error: linker command failed with exit code 1 (use -v to see invocation)
configure:15389: $? = 1
configure: failed program was:
| /* confdefs.h */
| #define PACKAGE_NAME "fftw"
| #define PACKAGE_TARNAME "fftw"
| #define PACKAGE_VERSION "3.3.4"
| #define PACKAGE_STRING "fftw 3.3.4"
| #define PACKAGE_BUGREPORT "fftw@fftw.org"
| #define PACKAGE_URL ""
| #define PACKAGE "fftw"
| #define VERSION "3.3.4"
| #define FFTW_ENABLE_ALLOCA 1
| #define FFTW_SINGLE 1
| #define BENCHFFT_SINGLE 1
| #define STDC_HEADERS 1
| #define HAVE_SYS_TYPES_H 1
| #define HAVE_SYS_STAT_H 1
| #define HAVE_STDLIB_H 1
| #define HAVE_STRING_H 1
| #define HAVE_MEMORY_H 1
| #define HAVE_STRINGS_H 1
| #define HAVE_INTTYPES_H 1
| #define HAVE_STDINT_H 1
| #define HAVE_UNISTD_H 1
| #define HAVE_DLFCN_H 1
| #define LT_OBJDIR ".libs/"
| #define STDC_HEADERS 1
| #define HAVE_STDDEF_H 1
| #define HAVE_STDLIB_H 1
| #define HAVE_STRING_H 1
| #define HAVE_STRINGS_H 1
| #define HAVE_SYS_TIME_H 1
| #define HAVE_UNISTD_H 1
| #define HAVE_LIMITS_H 1
| #define HAVE_STDINT_H 1
| #define HAVE_MACH_MACH_TIME_H 1
| #define HAVE_SYS_SYSCTL_H 1
| #define TIME_WITH_SYS_TIME 1
| #define HAVE_LONG_DOUBLE 1
| #define SIZEOF_INT 4
| #define SIZEOF_UNSIGNED_INT 4
| #define SIZEOF_LONG 8
| #define SIZEOF_UNSIGNED_LONG 8
| #define SIZEOF_LONG_LONG 8
| #define SIZEOF_UNSIGNED_LONG_LONG 8
| #define SIZEOF_SIZE_T 8
| #define SIZEOF_PTRDIFF_T 8
| #define HAVE_UINTPTR_T 1
| #define SIZEOF_FLOAT 4
| #define SIZEOF_DOUBLE 8
| #define SIZEOF_FFTW_R2R_KIND 4
| #define HAVE_ALLOCA_H 1
| #define HAVE_ALLOCA 1
| #define HAVE_VPRINTF 1
| #define HAVE_LIBM 1
| /* end confdefs.h.  */
| /* Define BSDgettimeofday to an innocuous variant, in case <limits.h> declares BSDgettimeofday.
|    For example, HP-UX 11i <limits.h> declares gettimeofday.  */
| #define BSDgettimeofday innocuous_BSDgettimeofday
| 
| /* System header to define __stub macros and hopefully few prototypes,
|     which can conflict with char BSDgettimeofday (); below.
|     Prefer <limits.h> to <assert.h> if __STDC__ is defined, since
|     <limits.h> exists even on freestanding compilers.  */
| 
| #ifdef __STDC__
| # include <limits.h>
| #else
| # include <assert.h>
| #endif
| 
| #undef BSDgettimeofday
| 
| /* Override any GCC internal prototype to avoid an error.
|    Use char because int might match the return type of a GCC
|    builtin and then its argument prototype would still apply.  */
| #ifdef __cplusplus
| extern "C"
| #endif
| char BSDgettimeofday ();
| /* The GNU C library defines this for functions which it implements
|     to always fail with ENOSYS.  Some functions are actually named
|     something starting with __ and the normal name is an alias.  */
| #if defined __stub_BSDgettimeofday || defined __stub___BSDgettimeofday
| choke me
| #endif
| 
| int
| main ()
| {
| return BSDgettimeofday ();
|   ;
|   return 0;
| }
configure:15389: result: no
configure:15389: checking for gettimeofday
configure:15389: gcc -o conftest -O3 -fomit-frame-pointer -mtune=native -fstrict-aliasing -fno-schedule-insns -ffast-math   conftest.c -lm  >&5
clang: warning: optimization flag '-fno-schedule-insns' is not supported
configure:15389: $? = 0
configure:15389: result: yes
configure:15389: checking for gethrtime
configure:15389: gcc -o conftest -O3 -fomit-frame-pointer -mtune=native -fstrict-aliasing -fno-schedule-insns -ffast-math   conftest.c -lm  >&5
clang: warning: optimization flag '-fno-schedule-insns' is not supported
Undefined symbols for architecture x86_64:
  "_gethrtime", referenced from:
      _main in conftest-c2a2e4.o
ld: symbol(s) not found for architecture x86_64
clang: error: linker command failed with exit code 1 (use -v to see invocation)
configure:15389: $? = 1
configure: failed program was:
| /* confdefs.h */
| #define PACKAGE_NAME "fftw"
| #define PACKAGE_TARNAME "fftw"
| #define PACKAGE_VERSION "3.3.4"
| #define PACKAGE_STRING "fftw 3.3.4"
| #define PACKAGE_BUGREPORT "fftw@fftw.org"
| #define PACKAGE_URL ""
| #define PACKAGE "fftw"
| #define VERSION "3.3.4"
| #define FFTW_ENABLE_ALLOCA 1
| #define FFTW_SINGLE 1
| #define BENCHFFT_SINGLE 1
| #define STDC_HEADERS 1
| #define HAVE_SYS_TYPES_H 1
| #define HAVE_SYS_STAT_H 1
| #define HAVE_STDLIB_H 1
| #define HAVE_STRING_H 1
| #define HAVE_MEMORY_H 1
| #define HAVE_STRINGS_H 1
| #define HAVE_INTTYPES_H 1
| #define HAVE_STDINT_H 1
| #define HAVE_UNISTD_H 1
| #define HAVE_DLFCN_H 1
| #define LT_OBJDIR ".libs/"
| #define STDC_HEADERS 1
| #define HAVE_STDDEF_H 1
| #define HAVE_STDLIB_H 1
| #define HAVE_STRING_H 1
| #define HAVE_STRINGS_H 1
| #define HAVE_SYS_TIME_H 1
| #define HAVE_UNISTD_H 1
| #define HAVE_LIMITS_H 1
| #define HAVE_STDINT_H 1
| #define HAVE_MACH_MACH_TIME_H 1
| #define HAVE_SYS_SYSCTL_H 1
| #define TIME_WITH_SYS_TIME 1
| #define HAVE_LONG_DOUBLE 1
| #define SIZEOF_INT 4
| #define SIZEOF_UNSIGNED_INT 4
| #define SIZEOF_LONG 8
| #define SIZEOF_UNSIGNED_LONG 8
| #define SIZEOF_LONG_LONG 8
| #define SIZEOF_UNSIGNED_LONG_LONG 8
| #define SIZEOF_SIZE_T 8
| #define SIZEOF_PTRDIFF_T 8
| #define HAVE_UINTPTR_T 1
| #define SIZEOF_FLOAT 4
| #define SIZEOF_DOUBLE 8
| #define SIZEOF_FFTW_R2R_KIND 4
| #define HAVE_ALLOCA_H 1
| #define HAVE_ALLOCA 1
| #define HAVE_VPRINTF 1
| #define HAVE_LIBM 1
| #define HAVE_GETTIMEOFDAY 1
| /* end confdefs.h.  */
| /* Define gethrtime to an innocuous variant, in case <limits.h> declares gethrtime.
|    For example, HP-UX 11i <limits.h> declares gettimeofday.  */
| #define gethrtime innocuous_gethrtime
| 
| /* System header to define __stub macros and hopefully few prototypes,
|     which can conflict with char gethrtime (); below.
|     Prefer <limits.h> to <assert.h> if __STDC__ is defined, since
|     <limits.h> exists even on freestanding compilers.  */
| 
| #ifdef __STDC__
| # include <limits.h>
| #else
| # include <assert.h>
| #endif
| 
| #undef gethrtime
| 
| /* Override any GCC internal prototype to avoid an error.
|    Use char because int might match the return type of a GCC
|    builtin and then its argument prototype would still apply.  */
| #ifdef __cplusplus
| extern "C"
| #endif
| char gethrtime ();
| /* The GNU C library defines this for functions which it implements
|     to always fail with ENOSYS.  Some functions are actually named
|     something starting with __ and the normal name is an alias.  */
| #if defined __stub_gethrtime || defined __stub___gethrtime
| choke me
| #endif
| 
| int
| main ()
| {
| return gethrtime ();
|   ;
|   return 0;
| }
configure:15389: result: no
configure:15389: checking for read_real_time
configure:15389: gcc -o conftest -O3 -fomit-frame-pointer -mtune=native -fstrict-aliasing -fno-schedule-insns -ffast-math   conftest.c -lm  >&5
clang: warning: optimization flag '-fno-schedule-insns' is not supported
Undefined symbols for architecture x86_64:
  "_read_real_time", referenced from:
      _main in conftest-2c1195.o
ld: symbol(s) not found for architecture x86_64
clang: error: linker command failed with exit code 1 (use -v to see invocation)
configure:15389: $? = 1
configure: failed program was:
| /* confdefs.h */
| #define PACKAGE_NAME "fftw"
| #define PACKAGE_TARNAME "fftw"
| #define PACKAGE_VERSION "3.3.4"
| #define PACKAGE_STRING "fftw 3.3.4"
| #define PACKAGE_BUGREPORT "fftw@fftw.org"
| #define PACKAGE_URL ""
| #define PACKAGE "fftw"
| #define VERSION "3.3.4"
| #define FFTW_ENABLE_ALLOCA 1
| #define FFTW_SINGLE 1
| #define BENCHFFT_SINGLE 1
| #define STDC_HEADERS 1
| #define HAVE_SYS_TYPES_H 1
| #define HAVE_SYS_STAT_H 1
| #define HAVE_STDLIB_H 1
| #define HAVE_STRING_H 1
| #define HAVE_MEMORY_H 1
| #define HAVE_STRINGS_H 1
| #define HAVE_INTTYPES_H 1
| #define HAVE_STDINT_H 1
| #define HAVE_UNISTD_H 1
| #define HAVE_DLFCN_H 1
| #define LT_OBJDIR ".libs/"
| #define STDC_HEADERS 1
| #define HAVE_STDDEF_H 1
| #define HAVE_STDLIB_H 1
| #define HAVE_STRING_H 1
| #define HAVE_STRINGS_H 1
| #define HAVE_SYS_TIME_H 1
| #define HAVE_UNISTD_H 1
| #define HAVE_LIMITS_H 1
| #define HAVE_STDINT_H 1
| #define HAVE_MACH_MACH_TIME_H 1
| #define HAVE_SYS_SYSCTL_H 1
| #define TIME_WITH_SYS_TIME 1
| #define HAVE_LONG_DOUBLE 1
| #define SIZEOF_INT 4
| #define SIZEOF_UNSIGNED_INT 4
| #define SIZEOF_LONG 8
| #define SIZEOF_UNSIGNED_LONG 8
| #define SIZEOF_LONG_LONG 8
| #define SIZEOF_UNSIGNED_LONG_LONG 8
| #define SIZEOF_SIZE_T 8
| #define SIZEOF_PTRDIFF_T 8
| #define HAVE_UINTPTR_T 1
| #define SIZEOF_FLOAT 4
| #define SIZEOF_DOUBLE 8
| #define SIZEOF_FFTW_R2R_KIND 4
| #define HAVE_ALLOCA_H 1
| #define HAVE_ALLOCA 1
| #define HAVE_VPRINTF 1
| #define HAVE_LIBM 1
| #define HAVE_GETTIMEOFDAY 1
| /* end confdefs.h.  */
| /* Define read_real_time to an innocuous variant, in case <limits.h> declares read_real_time.
|    For example, HP-UX 11i <limits.h> declares gettimeofday.  */
| #define read_real_time innocuous_read_real_time
| 
| /* System header to define __stub macros and hopefully few prototypes,
|     which can conflict with char read_real_time (); below.
|     Prefer <limits.h> to <assert.h> if __STDC__ is defined, since
|     <limits.h> exists even on freestanding compilers.  */
| 
| #ifdef __STDC__
| # include <limits.h>
| #else
| # include <assert.h>
| #endif
| 
| #undef read_real_time
| 
| /* Override any GCC internal prototype to avoid an error.
|    Use char because int might match the return type of a GCC
|    builtin and then its argument prototype would still apply.  */
| #ifdef __cplusplus
| extern "C"
| #endif
| char read_real_time ();
| /* The GNU C library defines this for functions which it implements
|     to always fail with ENOSYS.  Some functions are actually named
|     something starting with __ and the normal name is an alias.  */
| #if defined __stub_read_real_time || defined __stub___read_real_time
| choke me
| #endif
| 
| int
| main ()
| {
| return read_real_time ();
|   ;
|   return 0;
| }
configure:15389: result: no
configure:15389: checking for time_base_to_time
configure:15389: gcc -o conftest -O3 -fomit-frame-pointer -mtune=native -fstrict-aliasing -fno-schedule-insns -ffast-math   conftest.c -lm  >&5
clang: warning: optimization flag '-fno-schedule-insns' is not supported
Undefined symbols for architecture x86_64:
  "_time_base_to_time", referenced from:
      _main in conftest-ae3a0e.o
ld: symbol(s) not found for architecture x86_64
clang: error: linker command failed with exit code 1 (use -v to see invocation)
configure:15389: $? = 1
configure: failed program was:
| /* confdefs.h */
| #define PACKAGE_NAME "fftw"
| #define PACKAGE_TARNAME "fftw"
| #define PACKAGE_VERSION "3.3.4"
| #define PACKAGE_STRING "fftw 3.3.4"
| #define PACKAGE_BUGREPORT "fftw@fftw.org"
| #define PACKAGE_URL ""
| #define PACKAGE "fftw"
| #define VERSION "3.3.4"
| #define FFTW_ENABLE_ALLOCA 1
| #define FFTW_SINGLE 1
| #define BENCHFFT_SINGLE 1
| #define STDC_HEADERS 1
| #define HAVE_SYS_TYPES_H 1
| #define HAVE_SYS_STAT_H 1
| #define HAVE_STDLIB_H 1
| #define HAVE_STRING_H 1
| #define HAVE_MEMORY_H 1
| #define HAVE_STRINGS_H 1
| #define HAVE_INTTYPES_H 1
| #define HAVE_STDINT_H 1
| #define HAVE_UNISTD_H 1
| #define HAVE_DLFCN_H 1
| #define LT_OBJDIR ".libs/"
| #define STDC_HEADERS 1
| #define HAVE_STDDEF_H 1
| #define HAVE_STDLIB_H 1
| #define HAVE_STRING_H 1
| #define HAVE_STRINGS_H 1
| #define HAVE_SYS_TIME_H 1
| #define HAVE_UNISTD_H 1
| #define HAVE_LIMITS_H 1
| #define HAVE_STDINT_H 1
| #define HAVE_MACH_MACH_TIME_H 1
| #define HAVE_SYS_SYSCTL_H 1
| #define TIME_WITH_SYS_TIME 1
| #define HAVE_LONG_DOUBLE 1
| #define SIZEOF_INT 4
| #define SIZEOF_UNSIGNED_INT 4
| #define SIZEOF_LONG 8
| #define SIZEOF_UNSIGNED_LONG 8
| #define SIZEOF_LONG_LONG 8
| #define SIZEOF_UNSIGNED_LONG_LONG 8
| #define SIZEOF_SIZE_T 8
| #define SIZEOF_PTRDIFF_T 8
| #define HAVE_UINTPTR_T 1
| #define SIZEOF_FLOAT 4
| #define SIZEOF_DOUBLE 8
| #define SIZEOF_FFTW_R2R_KIND 4
| #define HAVE_ALLOCA_H 1
| #define HAVE_ALLOCA 1
| #define HAVE_VPRINTF 1
| #define HAVE_LIBM 1
| #define HAVE_GETTIMEOFDAY 1
| /* end confdefs.h.  */
| /* Define time_base_to_time to an innocuous variant, in case <limits.h> declares time_base_to_time.
|    For example, HP-UX 11i <limits.h> declares gettimeofday.  */
| #define time_base_to_time innocuous_time_base_to_time
| 
| /* System header to define __stub macros and hopefully few prototypes,
|     which can conflict with char time_base_to_time (); below.
|     Prefer <limits.h> to <assert.h> if __STDC__ is defined, since
|     <limits.h> exists even on freestanding compilers.  */
| 
| #ifdef __STDC__
| # include <limits.h>
| #else
| # include <assert.h>
| #endif
| 
| #undef time_base_to_time
| 
| /* Override any GCC internal prototype to avoid an error.
|    Use char because int might match the return type of a GCC
|    builtin and then its argument prototype would still apply.  */
| #ifdef __cplusplus
| extern "C"
| #endif
| char time_base_to_time ();
| /* The GNU C library defines this for functions which it implements
|     to always fail with ENOSYS.  Some functions are actually named
|     something starting with __ and the normal name is an alias.  */
| #if defined __stub_time_base_to_time || defined __stub___time_base_to_time
| choke me
| #endif
| 
| int
| main ()
| {
| return time_base_to_time ();
|   ;
|   return 0;
| }
configure:15389: result: no
configure:15389: checking for drand48
configure:15389: gcc -o conftest -O3 -fomit-frame-pointer -mtune=native -fstrict-aliasing -fno-schedule-insns -ffast-math   conftest.c -lm  >&5
clang: warning: optimization flag '-fno-schedule-insns' is not supported
configure:15389: $? = 0
configure:15389: result: yes
configure:15389: checking for sqrt
configure:15389: gcc -o conftest -O3 -fomit-frame-pointer -mtune=native -fstrict-aliasing -fno-schedule-insns -ffast-math   conftest.c -lm  >&5
clang: warning: optimization flag '-fno-schedule-insns' is not supported
conftest.c:80:6: warning: incompatible redeclaration of library function 'sqrt' [-Wincompatible-library-redeclaration]
char sqrt ();
     ^
conftest.c:80:6: note: 'sqrt' is a builtin with type 'double (double)'
1 warning generated.
configure:15389: $? = 0
configure:15389: result: yes
configure:15389: checking for memset
configure:15389: gcc -o conftest -O3 -fomit-frame-pointer -mtune=native -fstrict-aliasing -fno-schedule-insns -ffast-math   conftest.c -lm  >&5
clang: warning: optimization flag '-fno-schedule-insns' is not supported
conftest.c:81:6: warning: incompatible redeclaration of library function 'memset' [-Wincompatible-library-redeclaration]
char memset ();
     ^
conftest.c:81:6: note: 'memset' is a builtin with type 'void *(void *, int, unsigned long)'
1 warning generated.
configure:15389: $? = 0
configure:15389: result: yes
configure:15389: checking for posix_memalign
configure:15389: gcc -o conftest -O3 -fomit-frame-pointer -mtune=native -fstrict-aliasing -fno-schedule-insns -ffast-math   conftest.c -lm  >&5
clang: warning: optimization flag '-fno-schedule-insns' is not supported
configure:15389: $? = 0
configure:15389: result: yes
configure:15389: checking for memalign
configure:15389: gcc -o conftest -O3 -fomit-frame-pointer -mtune=native -fstrict-aliasing -fno-schedule-insns -ffast-math   conftest.c -lm  >&5
clang: warning: optimization flag '-fno-schedule-insns' is not supported
Undefined symbols for architecture x86_64:
  "_memalign", referenced from:
      _main in conftest-620bbb.o
ld: symbol(s) not found for architecture x86_64
clang: error: linker command failed with exit code 1 (use -v to see invocation)
configure:15389: $? = 1
configure: failed program was:
| /* confdefs.h */
| #define PACKAGE_NAME "fftw"
| #define PACKAGE_TARNAME "fftw"
| #define PACKAGE_VERSION "3.3.4"
| #define PACKAGE_STRING "fftw 3.3.4"
| #define PACKAGE_BUGREPORT "fftw@fftw.org"
| #define PACKAGE_URL ""
| #define PACKAGE "fftw"
| #define VERSION "3.3.4"
| #define FFTW_ENABLE_ALLOCA 1
| #define FFTW_SINGLE 1
| #define BENCHFFT_SINGLE 1
| #define STDC_HEADERS 1
| #define HAVE_SYS_TYPES_H 1
| #define HAVE_SYS_STAT_H 1
| #define HAVE_STDLIB_H 1
| #define HAVE_STRING_H 1
| #define HAVE_MEMORY_H 1
| #define HAVE_STRINGS_H 1
| #define HAVE_INTTYPES_H 1
| #define HAVE_STDINT_H 1
| #define HAVE_UNISTD_H 1
| #define HAVE_DLFCN_H 1
| #define LT_OBJDIR ".libs/"
| #define STDC_HEADERS 1
| #define HAVE_STDDEF_H 1
| #define HAVE_STDLIB_H 1
| #define HAVE_STRING_H 1
| #define HAVE_STRINGS_H 1
| #define HAVE_SYS_TIME_H 1
| #define HAVE_UNISTD_H 1
| #define HAVE_LIMITS_H 1
| #define HAVE_STDINT_H 1
| #define HAVE_MACH_MACH_TIME_H 1
| #define HAVE_SYS_SYSCTL_H 1
| #define TIME_WITH_SYS_TIME 1
| #define HAVE_LONG_DOUBLE 1
| #define SIZEOF_INT 4
| #define SIZEOF_UNSIGNED_INT 4
| #define SIZEOF_LONG 8
| #define SIZEOF_UNSIGNED_LONG 8
| #define SIZEOF_LONG_LONG 8
| #define SIZEOF_UNSIGNED_LONG_LONG 8
| #define SIZEOF_SIZE_T 8
| #define SIZEOF_PTRDIFF_T 8
| #define HAVE_UINTPTR_T 1
| #define SIZEOF_FLOAT 4
| #define SIZEOF_DOUBLE 8
| #define SIZEOF_FFTW_R2R_KIND 4
| #define HAVE_ALLOCA_H 1
| #define HAVE_ALLOCA 1
| #define HAVE_VPRINTF 1
| #define HAVE_LIBM 1
| #define HAVE_GETTIMEOFDAY 1
| #define HAVE_DRAND48 1
| #define HAVE_SQRT 1
| #define HAVE_MEMSET 1
| #define HAVE_POSIX_MEMALIGN 1
| /* end confdefs.h.  */
| /* Define memalign to an innocuous variant, in case <limits.h> declares memalign.
|    For example, HP-UX 11i <limits.h> declares gettimeofday.  */
| #define memalign innocuous_memalign
| 
| /* System header to define __stub macros and hopefully few prototypes,
|     which can conflict with char memalign (); below.
|     Prefer <limits.h> to <assert.h> if __STDC__ is defined, since
|     <limits.h> exists even on freestanding compilers.  */
| 
| #ifdef __STDC__
| # include <limits.h>
| #else
| # include <assert.h>
| #endif
| 
| #undef memalign
| 
| /* Override any GCC internal prototype to avoid an error.
|    Use char because int might match the return type of a GCC
|    builtin and then its argument prototype would still apply.  */
| #ifdef __cplusplus
| extern "C"
| #endif
| char memalign ();
| /* The GNU C library defines this for functions which it implements
|     to always fail with ENOSYS.  Some functions are actually named
|     something starting with __ and the normal name is an alias.  */
| #if defined __stub_memalign || defined __stub___memalign
| choke me
| #endif
| 
| int
| main ()
| {
| return memalign ();
|   ;
|   return 0;
| }
configure:15389: result: no
configure:15389: checking for _mm_malloc
configure:15389: gcc -o conftest -O3 -fomit-frame-pointer -mtune=native -fstrict-aliasing -fno-schedule-insns -ffast-math   conftest.c -lm  >&5
clang: warning: optimization flag '-fno-schedule-insns' is not supported
Undefined symbols for architecture x86_64:
  "__mm_malloc", referenced from:
      _main in conftest-0e3d4c.o
ld: symbol(s) not found for architecture x86_64
clang: error: linker command failed with exit code 1 (use -v to see invocation)
configure:15389: $? = 1
configure: failed program was:
| /* confdefs.h */
| #define PACKAGE_NAME "fftw"
| #define PACKAGE_TARNAME "fftw"
| #define PACKAGE_VERSION "3.3.4"
| #define PACKAGE_STRING "fftw 3.3.4"
| #define PACKAGE_BUGREPORT "fftw@fftw.org"
| #define PACKAGE_URL ""
| #define PACKAGE "fftw"
| #define VERSION "3.3.4"
| #define FFTW_ENABLE_ALLOCA 1
| #define FFTW_SINGLE 1
| #define BENCHFFT_SINGLE 1
| #define STDC_HEADERS 1
| #define HAVE_SYS_TYPES_H 1
| #define HAVE_SYS_STAT_H 1
| #define HAVE_STDLIB_H 1
| #define HAVE_STRING_H 1
| #define HAVE_MEMORY_H 1
| #define HAVE_STRINGS_H 1
| #define HAVE_INTTYPES_H 1
| #define HAVE_STDINT_H 1
| #define HAVE_UNISTD_H 1
| #define HAVE_DLFCN_H 1
| #define LT_OBJDIR ".libs/"
| #define STDC_HEADERS 1
| #define HAVE_STDDEF_H 1
| #define HAVE_STDLIB_H 1
| #define HAVE_STRING_H 1
| #define HAVE_STRINGS_H 1
| #define HAVE_SYS_TIME_H 1
| #define HAVE_UNISTD_H 1
| #define HAVE_LIMITS_H 1
| #define HAVE_STDINT_H 1
| #define HAVE_MACH_MACH_TIME_H 1
| #define HAVE_SYS_SYSCTL_H 1
| #define TIME_WITH_SYS_TIME 1
| #define HAVE_LONG_DOUBLE 1
| #define SIZEOF_INT 4
| #define SIZEOF_UNSIGNED_INT 4
| #define SIZEOF_LONG 8
| #define SIZEOF_UNSIGNED_LONG 8
| #define SIZEOF_LONG_LONG 8
| #define SIZEOF_UNSIGNED_LONG_LONG 8
| #define SIZEOF_SIZE_T 8
| #define SIZEOF_PTRDIFF_T 8
| #define HAVE_UINTPTR_T 1
| #define SIZEOF_FLOAT 4
| #define SIZEOF_DOUBLE 8
| #define SIZEOF_FFTW_R2R_KIND 4
| #define HAVE_ALLOCA_H 1
| #define HAVE_ALLOCA 1
| #define HAVE_VPRINTF 1
| #define HAVE_LIBM 1
| #define HAVE_GETTIMEOFDAY 1
| #define HAVE_DRAND48 1
| #define HAVE_SQRT 1
| #define HAVE_MEMSET 1
| #define HAVE_POSIX_MEMALIGN 1
| /* end confdefs.h.  */
| /* Define _mm_malloc to an innocuous variant, in case <limits.h> declares _mm_malloc.
|    For example, HP-UX 11i <limits.h> declares gettimeofday.  */
| #define _mm_malloc innocuous__mm_malloc
| 
| /* System header to define __stub macros and hopefully few prototypes,
|     which can conflict with char _mm_malloc (); below.
|     Prefer <limits.h> to <assert.h> if __STDC__ is defined, since
|     <limits.h> exists even on freestanding compilers.  */
| 
| #ifdef __STDC__
| # include <limits.h>
| #else
| # include <assert.h>
| #endif
| 
| #undef _mm_malloc
| 
| /* Override any GCC internal prototype to avoid an error.
|    Use char because int might match the return type of a GCC
|    builtin and then its argument prototype would still apply.  */
| #ifdef __cplusplus
| extern "C"
| #endif
| char _mm_malloc ();
| /* The GNU C library defines this for functions which it implements
|     to always fail with ENOSYS.  Some functions are actually named
|     something starting with __ and the normal name is an alias.  */
| #if defined __stub__mm_malloc || defined __stub____mm_malloc
| choke me
| #endif
| 
| int
| main ()
| {
| return _mm_malloc ();
|   ;
|   return 0;
| }
configure:15389: result: no
configure:15389: checking for _mm_free
configure:15389: gcc -o conftest -O3 -fomit-frame-pointer -mtune=native -fstrict-aliasing -fno-schedule-insns -ffast-math   conftest.c -lm  >&5
clang: warning: optimization flag '-fno-schedule-insns' is not supported
Undefined symbols for architecture x86_64:
  "__mm_free", referenced from:
      _main in conftest-2411ff.o
ld: symbol(s) not found for architecture x86_64
clang: error: linker command failed with exit code 1 (use -v to see invocation)
configure:15389: $? = 1
configure: failed program was:
| /* confdefs.h */
| #define PACKAGE_NAME "fftw"
| #define PACKAGE_TARNAME "fftw"
| #define PACKAGE_VERSION "3.3.4"
| #define PACKAGE_STRING "fftw 3.3.4"
| #define PACKAGE_BUGREPORT "fftw@fftw.org"
| #define PACKAGE_URL ""
| #define PACKAGE "fftw"
| #define VERSION "3.3.4"
| #define FFTW_ENABLE_ALLOCA 1
| #define FFTW_SINGLE 1
| #define BENCHFFT_SINGLE 1
| #define STDC_HEADERS 1
| #define HAVE_SYS_TYPES_H 1
| #define HAVE_SYS_STAT_H 1
| #define HAVE_STDLIB_H 1
| #define HAVE_STRING_H 1
| #define HAVE_MEMORY_H 1
| #define HAVE_STRINGS_H 1
| #define HAVE_INTTYPES_H 1
| #define HAVE_STDINT_H 1
| #define HAVE_UNISTD_H 1
| #define HAVE_DLFCN_H 1
| #define LT_OBJDIR ".libs/"
| #define STDC_HEADERS 1
| #define HAVE_STDDEF_H 1
| #define HAVE_STDLIB_H 1
| #define HAVE_STRING_H 1
| #define HAVE_STRINGS_H 1
| #define HAVE_SYS_TIME_H 1
| #define HAVE_UNISTD_H 1
| #define HAVE_LIMITS_H 1
| #define HAVE_STDINT_H 1
| #define HAVE_MACH_MACH_TIME_H 1
| #define HAVE_SYS_SYSCTL_H 1
| #define TIME_WITH_SYS_TIME 1
| #define HAVE_LONG_DOUBLE 1
| #define SIZEOF_INT 4
| #define SIZEOF_UNSIGNED_INT 4
| #define SIZEOF_LONG 8
| #define SIZEOF_UNSIGNED_LONG 8
| #define SIZEOF_LONG_LONG 8
| #define SIZEOF_UNSIGNED_LONG_LONG 8
| #define SIZEOF_SIZE_T 8
| #define SIZEOF_PTRDIFF_T 8
| #define HAVE_UINTPTR_T 1
| #define SIZEOF_FLOAT 4
| #define SIZEOF_DOUBLE 8
| #define SIZEOF_FFTW_R2R_KIND 4
| #define HAVE_ALLOCA_H 1
| #define HAVE_ALLOCA 1
| #define HAVE_VPRINTF 1
| #define HAVE_LIBM 1
| #define HAVE_GETTIMEOFDAY 1
| #define HAVE_DRAND48 1
| #define HAVE_SQRT 1
| #define HAVE_MEMSET 1
| #define HAVE_POSIX_MEMALIGN 1
| /* end confdefs.h.  */
| /* Define _mm_free to an innocuous variant, in case <limits.h> declares _mm_free.
|    For example, HP-UX 11i <limits.h> declares gettimeofday.  */
| #define _mm_free innocuous__mm_free
| 
| /* System header to define __stub macros and hopefully few prototypes,
|     which can conflict with char _mm_free (); below.
|     Prefer <limits.h> to <assert.h> if __STDC__ is defined, since
|     <limits.h> exists even on freestanding compilers.  */
| 
| #ifdef __STDC__
| # include <limits.h>
| #else
| # include <assert.h>
| #endif
| 
| #undef _mm_free
| 
| /* Override any GCC internal prototype to avoid an error.
|    Use char because int might match the return type of a GCC
|    builtin and then its argument prototype would still apply.  */
| #ifdef __cplusplus
| extern "C"
| #endif
| char _mm_free ();
| /* The GNU C library defines this for functions which it implements
|     to always fail with ENOSYS.  Some functions are actually named
|     something starting with __ and the normal name is an alias.  */
| #if defined __stub__mm_free || defined __stub____mm_free
| choke me
| #endif
| 
| int
| main ()
| {
| return _mm_free ();
|   ;
|   return 0;
| }
configure:15389: result: no
configure:15389: checking for clock_gettime
configure:15389: gcc -o conftest -O3 -fomit-frame-pointer -mtune=native -fstrict-aliasing -fno-schedule-insns -ffast-math   conftest.c -lm  >&5
clang: warning: optimization flag '-fno-schedule-insns' is not supported
Undefined symbols for architecture x86_64:
  "_clock_gettime", referenced from:
      _main in conftest-4dd237.o
ld: symbol(s) not found for architecture x86_64
clang: error: linker command failed with exit code 1 (use -v to see invocation)
configure:15389: $? = 1
configure: failed program was:
| /* confdefs.h */
| #define PACKAGE_NAME "fftw"
| #define PACKAGE_TARNAME "fftw"
| #define PACKAGE_VERSION "3.3.4"
| #define PACKAGE_STRING "fftw 3.3.4"
| #define PACKAGE_BUGREPORT "fftw@fftw.org"
| #define PACKAGE_URL ""
| #define PACKAGE "fftw"
| #define VERSION "3.3.4"
| #define FFTW_ENABLE_ALLOCA 1
| #define FFTW_SINGLE 1
| #define BENCHFFT_SINGLE 1
| #define STDC_HEADERS 1
| #define HAVE_SYS_TYPES_H 1
| #define HAVE_SYS_STAT_H 1
| #define HAVE_STDLIB_H 1
| #define HAVE_STRING_H 1
| #define HAVE_MEMORY_H 1
| #define HAVE_STRINGS_H 1
| #define HAVE_INTTYPES_H 1
| #define HAVE_STDINT_H 1
| #define HAVE_UNISTD_H 1
| #define HAVE_DLFCN_H 1
| #define LT_OBJDIR ".libs/"
| #define STDC_HEADERS 1
| #define HAVE_STDDEF_H 1
| #define HAVE_STDLIB_H 1
| #define HAVE_STRING_H 1
| #define HAVE_STRINGS_H 1
| #define HAVE_SYS_TIME_H 1
| #define HAVE_UNISTD_H 1
| #define HAVE_LIMITS_H 1
| #define HAVE_STDINT_H 1
| #define HAVE_MACH_MACH_TIME_H 1
| #define HAVE_SYS_SYSCTL_H 1
| #define TIME_WITH_SYS_TIME 1
| #define HAVE_LONG_DOUBLE 1
| #define SIZEOF_INT 4
| #define SIZEOF_UNSIGNED_INT 4
| #define SIZEOF_LONG 8
| #define SIZEOF_UNSIGNED_LONG 8
| #define SIZEOF_LONG_LONG 8
| #define SIZEOF_UNSIGNED_LONG_LONG 8
| #define SIZEOF_SIZE_T 8
| #define SIZEOF_PTRDIFF_T 8
| #define HAVE_UINTPTR_T 1
| #define SIZEOF_FLOAT 4
| #define SIZEOF_DOUBLE 8
| #define SIZEOF_FFTW_R2R_KIND 4
| #define HAVE_ALLOCA_H 1
| #define HAVE_ALLOCA 1
| #define HAVE_VPRINTF 1
| #define HAVE_LIBM 1
| #define HAVE_GETTIMEOFDAY 1
| #define HAVE_DRAND48 1
| #define HAVE_SQRT 1
| #define HAVE_MEMSET 1
| #define HAVE_POSIX_MEMALIGN 1
| /* end confdefs.h.  */
| /* Define clock_gettime to an innocuous variant, in case <limits.h> declares clock_gettime.
|    For example, HP-UX 11i <limits.h> declares gettimeofday.  */
| #define clock_gettime innocuous_clock_gettime
| 
| /* System header to define __stub macros and hopefully few prototypes,
|     which can conflict with char clock_gettime (); below.
|     Prefer <limits.h> to <assert.h> if __STDC__ is defined, since
|     <limits.h> exists even on freestanding compilers.  */
| 
| #ifdef __STDC__
| # include <limits.h>
| #else
| # include <assert.h>
| #endif
| 
| #undef clock_gettime
| 
| /* Override any GCC internal prototype to avoid an error.
|    Use char because int might match the return type of a GCC
|    builtin and then its argument prototype would still apply.  */
| #ifdef __cplusplus
| extern "C"
| #endif
| char clock_gettime ();
| /* The GNU C library defines this for functions which it implements
|     to always fail with ENOSYS.  Some functions are actually named
|     something starting with __ and the normal name is an alias.  */
| #if defined __stub_clock_gettime || defined __stub___clock_gettime
| choke me
| #endif
| 
| int
| main ()
| {
| return clock_gettime ();
|   ;
|   return 0;
| }
configure:15389: result: no
configure:15389: checking for mach_absolute_time
configure:15389: gcc -o conftest -O3 -fomit-frame-pointer -mtune=native -fstrict-aliasing -fno-schedule-insns -ffast-math   conftest.c -lm  >&5
clang: warning: optimization flag '-fno-schedule-insns' is not supported
configure:15389: $? = 0
configure:15389: result: yes
configure:15389: checking for sysctl
configure:15389: gcc -o conftest -O3 -fomit-frame-pointer -mtune=native -fstrict-aliasing -fno-schedule-insns -ffast-math   conftest.c -lm  >&5
clang: warning: optimization flag '-fno-schedule-insns' is not supported
configure:15389: $? = 0
configure:15389: result: yes
configure:15389: checking for abort
configure:15389: gcc -o conftest -O3 -fomit-frame-pointer -mtune=native -fstrict-aliasing -fno-schedule-insns -ffast-math   conftest.c -lm  >&5
clang: warning: optimization flag '-fno-schedule-insns' is not supported
conftest.c:85:6: warning: incompatible redeclaration of library function 'abort' [-Wincompatible-library-redeclaration]
char abort ();
     ^
conftest.c:85:6: note: 'abort' is a builtin with type 'void (void) __attribute__((noreturn))'
1 warning generated.
configure:15389: $? = 0
configure:15389: result: yes
configure:15389: checking for sinl
configure:15389: gcc -o conftest -O3 -fomit-frame-pointer -mtune=native -fstrict-aliasing -fno-schedule-insns -ffast-math   conftest.c -lm  >&5
clang: warning: optimization flag '-fno-schedule-insns' is not supported
conftest.c:86:6: warning: incompatible redeclaration of library function 'sinl' [-Wincompatible-library-redeclaration]
char sinl ();
     ^
conftest.c:86:6: note: 'sinl' is a builtin with type 'long double (long double)'
1 warning generated.
configure:15389: $? = 0
configure:15389: result: yes
configure:15389: checking for cosl
configure:15389: gcc -o conftest -O3 -fomit-frame-pointer -mtune=native -fstrict-aliasing -fno-schedule-insns -ffast-math   conftest.c -lm  >&5
clang: warning: optimization flag '-fno-schedule-insns' is not supported
conftest.c:87:6: warning: incompatible redeclaration of library function 'cosl' [-Wincompatible-library-redeclaration]
char cosl ();
     ^
conftest.c:87:6: note: 'cosl' is a builtin with type 'long double (long double)'
1 warning generated.
configure:15389: $? = 0
configure:15389: result: yes
configure:15389: checking for snprintf
configure:15389: gcc -o conftest -O3 -fomit-frame-pointer -mtune=native -fstrict-aliasing -fno-schedule-insns -ffast-math   conftest.c -lm  >&5
clang: warning: optimization flag '-fno-schedule-insns' is not supported
conftest.c:88:6: warning: incompatible redeclaration of library function 'snprintf' [-Wincompatible-library-redeclaration]
char snprintf ();
     ^
conftest.c:88:6: note: 'snprintf' is a builtin with type 'int (char *, unsigned long, const char *, ...)'
1 warning generated.
configure:15389: $? = 0
configure:15389: result: yes
configure:15398: checking whether sinl is declared
configure:15398: gcc -c -O3 -fomit-frame-pointer -mtune=native -fstrict-aliasing -fno-schedule-insns -ffast-math  conftest.c >&5
clang: warning: optimization flag '-fno-schedule-insns' is not supported
clang: warning: argument unused during compilation: '-fno-schedule-insns'
configure:15398: $? = 0
configure:15398: result: yes
configure:15409: checking whether cosl is declared
configure:15409: gcc -c -O3 -fomit-frame-pointer -mtune=native -fstrict-aliasing -fno-schedule-insns -ffast-math  conftest.c >&5
clang: warning: optimization flag '-fno-schedule-insns' is not supported
clang: warning: argument unused during compilation: '-fno-schedule-insns'
configure:15409: $? = 0
configure:15409: result: yes
configure:15420: checking whether sinq is declared
configure:15420: gcc -c -O3 -fomit-frame-pointer -mtune=native -fstrict-aliasing -fno-schedule-insns -ffast-math  conftest.c >&5
clang: warning: optimization flag '-fno-schedule-insns' is not supported
clang: warning: argument unused during compilation: '-fno-schedule-insns'
conftest.c:77:10: error: use of undeclared identifier 'sinq'
  (void) sinq;
         ^
1 error generated.
configure:15420: $? = 1
configure: failed program was:
| /* confdefs.h */
| #define PACKAGE_NAME "fftw"
| #define PACKAGE_TARNAME "fftw"
| #define PACKAGE_VERSION "3.3.4"
| #define PACKAGE_STRING "fftw 3.3.4"
| #define PACKAGE_BUGREPORT "fftw@fftw.org"
| #define PACKAGE_URL ""
| #define PACKAGE "fftw"
| #define VERSION "3.3.4"
| #define FFTW_ENABLE_ALLOCA 1
| #define FFTW_SINGLE 1
| #define BENCHFFT_SINGLE 1
| #define STDC_HEADERS 1
| #define HAVE_SYS_TYPES_H 1
| #define HAVE_SYS_STAT_H 1
| #define HAVE_STDLIB_H 1
| #define HAVE_STRING_H 1
| #define HAVE_MEMORY_H 1
| #define HAVE_STRINGS_H 1
| #define HAVE_INTTYPES_H 1
| #define HAVE_STDINT_H 1
| #define HAVE_UNISTD_H 1
| #define HAVE_DLFCN_H 1
| #define LT_OBJDIR ".libs/"
| #define STDC_HEADERS 1
| #define HAVE_STDDEF_H 1
| #define HAVE_STDLIB_H 1
| #define HAVE_STRING_H 1
| #define HAVE_STRINGS_H 1
| #define HAVE_SYS_TIME_H 1
| #define HAVE_UNISTD_H 1
| #define HAVE_LIMITS_H 1
| #define HAVE_STDINT_H 1
| #define HAVE_MACH_MACH_TIME_H 1
| #define HAVE_SYS_SYSCTL_H 1
| #define TIME_WITH_SYS_TIME 1
| #define HAVE_LONG_DOUBLE 1
| #define SIZEOF_INT 4
| #define SIZEOF_UNSIGNED_INT 4
| #define SIZEOF_LONG 8
| #define SIZEOF_UNSIGNED_LONG 8
| #define SIZEOF_LONG_LONG 8
| #define SIZEOF_UNSIGNED_LONG_LONG 8
| #define SIZEOF_SIZE_T 8
| #define SIZEOF_PTRDIFF_T 8
| #define HAVE_UINTPTR_T 1
| #define SIZEOF_FLOAT 4
| #define SIZEOF_DOUBLE 8
| #define SIZEOF_FFTW_R2R_KIND 4
| #define HAVE_ALLOCA_H 1
| #define HAVE_ALLOCA 1
| #define HAVE_VPRINTF 1
| #define HAVE_LIBM 1
| #define HAVE_GETTIMEOFDAY 1
| #define HAVE_DRAND48 1
| #define HAVE_SQRT 1
| #define HAVE_MEMSET 1
| #define HAVE_POSIX_MEMALIGN 1
| #define HAVE_MACH_ABSOLUTE_TIME 1
| #define HAVE_SYSCTL 1
| #define HAVE_ABORT 1
| #define HAVE_SINL 1
| #define HAVE_COSL 1
| #define HAVE_SNPRINTF 1
| #define HAVE_DECL_SINL 1
| #define HAVE_DECL_COSL 1
| /* end confdefs.h.  */
| #include <math.h>
| 
| int
| main ()
| {
| #ifndef sinq
| #ifdef __cplusplus
|   (void) sinq;
| #else
|   (void) sinq;
| #endif
| #endif
| 
|   ;
|   return 0;
| }
configure:15420: result: no
configure:15431: checking whether cosq is declared
configure:15431: gcc -c -O3 -fomit-frame-pointer -mtune=native -fstrict-aliasing -fno-schedule-insns -ffast-math  conftest.c >&5
clang: warning: optimization flag '-fno-schedule-insns' is not supported
clang: warning: argument unused during compilation: '-fno-schedule-insns'
conftest.c:78:10: error: use of undeclared identifier 'cosq'
  (void) cosq;
         ^
1 error generated.
configure:15431: $? = 1
configure: failed program was:
| /* confdefs.h */
| #define PACKAGE_NAME "fftw"
| #define PACKAGE_TARNAME "fftw"
| #define PACKAGE_VERSION "3.3.4"
| #define PACKAGE_STRING "fftw 3.3.4"
| #define PACKAGE_BUGREPORT "fftw@fftw.org"
| #define PACKAGE_URL ""
| #define PACKAGE "fftw"
| #define VERSION "3.3.4"
| #define FFTW_ENABLE_ALLOCA 1
| #define FFTW_SINGLE 1
| #define BENCHFFT_SINGLE 1
| #define STDC_HEADERS 1
| #define HAVE_SYS_TYPES_H 1
| #define HAVE_SYS_STAT_H 1
| #define HAVE_STDLIB_H 1
| #define HAVE_STRING_H 1
| #define HAVE_MEMORY_H 1
| #define HAVE_STRINGS_H 1
| #define HAVE_INTTYPES_H 1
| #define HAVE_STDINT_H 1
| #define HAVE_UNISTD_H 1
| #define HAVE_DLFCN_H 1
| #define LT_OBJDIR ".libs/"
| #define STDC_HEADERS 1
| #define HAVE_STDDEF_H 1
| #define HAVE_STDLIB_H 1
| #define HAVE_STRING_H 1
| #define HAVE_STRINGS_H 1
| #define HAVE_SYS_TIME_H 1
| #define HAVE_UNISTD_H 1
| #define HAVE_LIMITS_H 1
| #define HAVE_STDINT_H 1
| #define HAVE_MACH_MACH_TIME_H 1
| #define HAVE_SYS_SYSCTL_H 1
| #define TIME_WITH_SYS_TIME 1
| #define HAVE_LONG_DOUBLE 1
| #define SIZEOF_INT 4
| #define SIZEOF_UNSIGNED_INT 4
| #define SIZEOF_LONG 8
| #define SIZEOF_UNSIGNED_LONG 8
| #define SIZEOF_LONG_LONG 8
| #define SIZEOF_UNSIGNED_LONG_LONG 8
| #define SIZEOF_SIZE_T 8
| #define SIZEOF_PTRDIFF_T 8
| #define HAVE_UINTPTR_T 1
| #define SIZEOF_FLOAT 4
| #define SIZEOF_DOUBLE 8
| #define SIZEOF_FFTW_R2R_KIND 4
| #define HAVE_ALLOCA_H 1
| #define HAVE_ALLOCA 1
| #define HAVE_VPRINTF 1
| #define HAVE_LIBM 1
| #define HAVE_GETTIMEOFDAY 1
| #define HAVE_DRAND48 1
| #define HAVE_SQRT 1
| #define HAVE_MEMSET 1
| #define HAVE_POSIX_MEMALIGN 1
| #define HAVE_MACH_ABSOLUTE_TIME 1
| #define HAVE_SYSCTL 1
| #define HAVE_ABORT 1
| #define HAVE_SINL 1
| #define HAVE_COSL 1
| #define HAVE_SNPRINTF 1
| #define HAVE_DECL_SINL 1
| #define HAVE_DECL_COSL 1
| #define HAVE_DECL_SINQ 0
| /* end confdefs.h.  */
| #include <math.h>
| 
| int
| main ()
| {
| #ifndef cosq
| #ifdef __cplusplus
|   (void) cosq;
| #else
|   (void) cosq;
| #endif
| #endif
| 
|   ;
|   return 0;
| }
configure:15431: result: no
configure:15443: checking whether memalign is declared
configure:15443: gcc -c -O3 -fomit-frame-pointer -mtune=native -fstrict-aliasing -fno-schedule-insns -ffast-math  conftest.c >&5
clang: warning: optimization flag '-fno-schedule-insns' is not supported
clang: warning: argument unused during compilation: '-fno-schedule-insns'
conftest.c:82:10: error: use of undeclared identifier 'memalign'
  (void) memalign;
         ^
1 error generated.
configure:15443: $? = 1
configure: failed program was:
| /* confdefs.h */
| #define PACKAGE_NAME "fftw"
| #define PACKAGE_TARNAME "fftw"
| #define PACKAGE_VERSION "3.3.4"
| #define PACKAGE_STRING "fftw 3.3.4"
| #define PACKAGE_BUGREPORT "fftw@fftw.org"
| #define PACKAGE_URL ""
| #define PACKAGE "fftw"
| #define VERSION "3.3.4"
| #define FFTW_ENABLE_ALLOCA 1
| #define FFTW_SINGLE 1
| #define BENCHFFT_SINGLE 1
| #define STDC_HEADERS 1
| #define HAVE_SYS_TYPES_H 1
| #define HAVE_SYS_STAT_H 1
| #define HAVE_STDLIB_H 1
| #define HAVE_STRING_H 1
| #define HAVE_MEMORY_H 1
| #define HAVE_STRINGS_H 1
| #define HAVE_INTTYPES_H 1
| #define HAVE_STDINT_H 1
| #define HAVE_UNISTD_H 1
| #define HAVE_DLFCN_H 1
| #define LT_OBJDIR ".libs/"
| #define STDC_HEADERS 1
| #define HAVE_STDDEF_H 1
| #define HAVE_STDLIB_H 1
| #define HAVE_STRING_H 1
| #define HAVE_STRINGS_H 1
| #define HAVE_SYS_TIME_H 1
| #define HAVE_UNISTD_H 1
| #define HAVE_LIMITS_H 1
| #define HAVE_STDINT_H 1
| #define HAVE_MACH_MACH_TIME_H 1
| #define HAVE_SYS_SYSCTL_H 1
| #define TIME_WITH_SYS_TIME 1
| #define HAVE_LONG_DOUBLE 1
| #define SIZEOF_INT 4
| #define SIZEOF_UNSIGNED_INT 4
| #define SIZEOF_LONG 8
| #define SIZEOF_UNSIGNED_LONG 8
| #define SIZEOF_LONG_LONG 8
| #define SIZEOF_UNSIGNED_LONG_LONG 8
| #define SIZEOF_SIZE_T 8
| #define SIZEOF_PTRDIFF_T 8
| #define HAVE_UINTPTR_T 1
| #define SIZEOF_FLOAT 4
| #define SIZEOF_DOUBLE 8
| #define SIZEOF_FFTW_R2R_KIND 4
| #define HAVE_ALLOCA_H 1
| #define HAVE_ALLOCA 1
| #define HAVE_VPRINTF 1
| #define HAVE_LIBM 1
| #define HAVE_GETTIMEOFDAY 1
| #define HAVE_DRAND48 1
| #define HAVE_SQRT 1
| #define HAVE_MEMSET 1
| #define HAVE_POSIX_MEMALIGN 1
| #define HAVE_MACH_ABSOLUTE_TIME 1
| #define HAVE_SYSCTL 1
| #define HAVE_ABORT 1
| #define HAVE_SINL 1
| #define HAVE_COSL 1
| #define HAVE_SNPRINTF 1
| #define HAVE_DECL_SINL 1
| #define HAVE_DECL_COSL 1
| #define HAVE_DECL_SINQ 0
| #define HAVE_DECL_COSQ 0
| /* end confdefs.h.  */
| 
| #ifdef HAVE_MALLOC_H
| #include <malloc.h>
| #endif
| 
| int
| main ()
| {
| #ifndef memalign
| #ifdef __cplusplus
|   (void) memalign;
| #else
|   (void) memalign;
| #endif
| #endif
| 
|   ;
|   return 0;
| }
configure:15443: result: no
configure:15458: checking whether drand48 is declared
configure:15458: gcc -c -O3 -fomit-frame-pointer -mtune=native -fstrict-aliasing -fno-schedule-insns -ffast-math  conftest.c >&5
clang: warning: optimization flag '-fno-schedule-insns' is not supported
clang: warning: argument unused during compilation: '-fno-schedule-insns'
configure:15458: $? = 0
configure:15458: result: yes
configure:15468: checking whether srand48 is declared
configure:15468: gcc -c -O3 -fomit-frame-pointer -mtune=native -fstrict-aliasing -fno-schedule-insns -ffast-math  conftest.c >&5
clang: warning: optimization flag '-fno-schedule-insns' is not supported
clang: warning: argument unused during compilation: '-fno-schedule-insns'
configure:15468: $? = 0
configure:15468: result: yes
configure:15478: checking whether posix_memalign is declared
configure:15478: gcc -c -O3 -fomit-frame-pointer -mtune=native -fstrict-aliasing -fno-schedule-insns -ffast-math  conftest.c >&5
clang: warning: optimization flag '-fno-schedule-insns' is not supported
clang: warning: argument unused during compilation: '-fno-schedule-insns'
configure:15478: $? = 0
configure:15478: result: yes
configure:15489: checking for _rtc intrinsic
configure:15505: gcc -o conftest -O3 -fomit-frame-pointer -mtune=native -fstrict-aliasing -fno-schedule-insns -ffast-math   conftest.c -lm  >&5
clang: warning: optimization flag '-fno-schedule-insns' is not supported
conftest.c:80:1: warning: implicit declaration of function '_rtc' is invalid in C99 [-Wimplicit-function-declaration]
_rtc()
^
1 warning generated.
Undefined symbols for architecture x86_64:
  "__rtc", referenced from:
      _main in conftest-1cff73.o
ld: symbol(s) not found for architecture x86_64
clang: error: linker command failed with exit code 1 (use -v to see invocation)
configure:15505: $? = 1
configure: failed program was:
| /* confdefs.h */
| #define PACKAGE_NAME "fftw"
| #define PACKAGE_TARNAME "fftw"
| #define PACKAGE_VERSION "3.3.4"
| #define PACKAGE_STRING "fftw 3.3.4"
| #define PACKAGE_BUGREPORT "fftw@fftw.org"
| #define PACKAGE_URL ""
| #define PACKAGE "fftw"
| #define VERSION "3.3.4"
| #define FFTW_ENABLE_ALLOCA 1
| #define FFTW_SINGLE 1
| #define BENCHFFT_SINGLE 1
| #define STDC_HEADERS 1
| #define HAVE_SYS_TYPES_H 1
| #define HAVE_SYS_STAT_H 1
| #define HAVE_STDLIB_H 1
| #define HAVE_STRING_H 1
| #define HAVE_MEMORY_H 1
| #define HAVE_STRINGS_H 1
| #define HAVE_INTTYPES_H 1
| #define HAVE_STDINT_H 1
| #define HAVE_UNISTD_H 1
| #define HAVE_DLFCN_H 1
| #define LT_OBJDIR ".libs/"
| #define STDC_HEADERS 1
| #define HAVE_STDDEF_H 1
| #define HAVE_STDLIB_H 1
| #define HAVE_STRING_H 1
| #define HAVE_STRINGS_H 1
| #define HAVE_SYS_TIME_H 1
| #define HAVE_UNISTD_H 1
| #define HAVE_LIMITS_H 1
| #define HAVE_STDINT_H 1
| #define HAVE_MACH_MACH_TIME_H 1
| #define HAVE_SYS_SYSCTL_H 1
| #define TIME_WITH_SYS_TIME 1
| #define HAVE_LONG_DOUBLE 1
| #define SIZEOF_INT 4
| #define SIZEOF_UNSIGNED_INT 4
| #define SIZEOF_LONG 8
| #define SIZEOF_UNSIGNED_LONG 8
| #define SIZEOF_LONG_LONG 8
| #define SIZEOF_UNSIGNED_LONG_LONG 8
| #define SIZEOF_SIZE_T 8
| #define SIZEOF_PTRDIFF_T 8
| #define HAVE_UINTPTR_T 1
| #define SIZEOF_FLOAT 4
| #define SIZEOF_DOUBLE 8
| #define SIZEOF_FFTW_R2R_KIND 4
| #define HAVE_ALLOCA_H 1
| #define HAVE_ALLOCA 1
| #define HAVE_VPRINTF 1
| #define HAVE_LIBM 1
| #define HAVE_GETTIMEOFDAY 1
| #define HAVE_DRAND48 1
| #define HAVE_SQRT 1
| #define HAVE_MEMSET 1
| #define HAVE_POSIX_MEMALIGN 1
| #define HAVE_MACH_ABSOLUTE_TIME 1
| #define HAVE_SYSCTL 1
| #define HAVE_ABORT 1
| #define HAVE_SINL 1
| #define HAVE_COSL 1
| #define HAVE_SNPRINTF 1
| #define HAVE_DECL_SINL 1
| #define HAVE_DECL_COSL 1
| #define HAVE_DECL_SINQ 0
| #define HAVE_DECL_COSQ 0
| #define HAVE_DECL_MEMALIGN 0
| #define HAVE_DECL_DRAND48 1
| #define HAVE_DECL_SRAND48 1
| #define HAVE_DECL_POSIX_MEMALIGN 1
| /* end confdefs.h.  */
| #ifdef HAVE_INTRINSICS_H
| #include <intrinsics.h>
| #endif
| int
| main ()
| {
| _rtc()
|   ;
|   return 0;
| }
configure:15514: result: no
configure:15534: checking for isnan
configure:15548: gcc -o conftest -O3 -fomit-frame-pointer -mtune=native -fstrict-aliasing -fno-schedule-insns -ffast-math   conftest.c -lm  >&5
clang: warning: optimization flag '-fno-schedule-insns' is not supported
configure:15548: $? = 0
configure:15560: result: yes
configure:15567: checking whether C compiler accepts -mpreferred-stack-boundary=4
configure:15586: gcc -c -mpreferred-stack-boundary=4  conftest.c >&5
clang: error: unknown argument: '-mpreferred-stack-boundary=4'
configure:15586: $? = 1
configure: failed program was:
| /* confdefs.h */
| #define PACKAGE_NAME "fftw"
| #define PACKAGE_TARNAME "fftw"
| #define PACKAGE_VERSION "3.3.4"
| #define PACKAGE_STRING "fftw 3.3.4"
| #define PACKAGE_BUGREPORT "fftw@fftw.org"
| #define PACKAGE_URL ""
| #define PACKAGE "fftw"
| #define VERSION "3.3.4"
| #define FFTW_ENABLE_ALLOCA 1
| #define FFTW_SINGLE 1
| #define BENCHFFT_SINGLE 1
| #define STDC_HEADERS 1
| #define HAVE_SYS_TYPES_H 1
| #define HAVE_SYS_STAT_H 1
| #define HAVE_STDLIB_H 1
| #define HAVE_STRING_H 1
| #define HAVE_MEMORY_H 1
| #define HAVE_STRINGS_H 1
| #define HAVE_INTTYPES_H 1
| #define HAVE_STDINT_H 1
| #define HAVE_UNISTD_H 1
| #define HAVE_DLFCN_H 1
| #define LT_OBJDIR ".libs/"
| #define STDC_HEADERS 1
| #define HAVE_STDDEF_H 1
| #define HAVE_STDLIB_H 1
| #define HAVE_STRING_H 1
| #define HAVE_STRINGS_H 1
| #define HAVE_SYS_TIME_H 1
| #define HAVE_UNISTD_H 1
| #define HAVE_LIMITS_H 1
| #define HAVE_STDINT_H 1
| #define HAVE_MACH_MACH_TIME_H 1
| #define HAVE_SYS_SYSCTL_H 1
| #define TIME_WITH_SYS_TIME 1
| #define HAVE_LONG_DOUBLE 1
| #define SIZEOF_INT 4
| #define SIZEOF_UNSIGNED_INT 4
| #define SIZEOF_LONG 8
| #define SIZEOF_UNSIGNED_LONG 8
| #define SIZEOF_LONG_LONG 8
| #define SIZEOF_UNSIGNED_LONG_LONG 8
| #define SIZEOF_SIZE_T 8
| #define SIZEOF_PTRDIFF_T 8
| #define HAVE_UINTPTR_T 1
| #define SIZEOF_FLOAT 4
| #define SIZEOF_DOUBLE 8
| #define SIZEOF_FFTW_R2R_KIND 4
| #define HAVE_ALLOCA_H 1
| #define HAVE_ALLOCA 1
| #define HAVE_VPRINTF 1
| #define HAVE_LIBM 1
| #define HAVE_GETTIMEOFDAY 1
| #define HAVE_DRAND48 1
| #define HAVE_SQRT 1
| #define HAVE_MEMSET 1
| #define HAVE_POSIX_MEMALIGN 1
| #define HAVE_MACH_ABSOLUTE_TIME 1
| #define HAVE_SYSCTL 1
| #define HAVE_ABORT 1
| #define HAVE_SINL 1
| #define HAVE_COSL 1
| #define HAVE_SNPRINTF 1
| #define HAVE_DECL_SINL 1
| #define HAVE_DECL_COSL 1
| #define HAVE_DECL_SINQ 0
| #define HAVE_DECL_COSQ 0
| #define HAVE_DECL_MEMALIGN 0
| #define HAVE_DECL_DRAND48 1
| #define HAVE_DECL_SRAND48 1
| #define HAVE_DECL_POSIX_MEMALIGN 1
| #define HAVE_ISNAN 1
| /* end confdefs.h.  */
| 
| int
| main ()
| {
| 
|   ;
|   return 0;
| }
configure:15596: result: no
configure:15795: checking for g77
configure:15825: result: no
configure:15795: checking for xlf
configure:15825: result: no
configure:15795: checking for f77
configure:15825: result: no
configure:15795: checking for frt
configure:15825: result: no
configure:15795: checking for pgf77
configure:15825: result: no
configure:15795: checking for cf77
configure:15825: result: no
configure:15795: checking for fort77
configure:15825: result: no
configure:15795: checking for fl32
configure:15825: result: no
configure:15795: checking for af77
configure:15825: result: no
configure:15795: checking for xlf90
configure:15825: result: no
configure:15795: checking for f90
configure:15825: result: no
configure:15795: checking for pgf90
configure:15825: result: no
configure:15795: checking for pghpf
configure:15825: result: no
configure:15795: checking for epcf90
configure:15825: result: no
configure:15795: checking for gfortran
configure:15825: result: no
configure:15795: checking for g95
configure:15825: result: no
configure:15795: checking for xlf95
configure:15825: result: no
configure:15795: checking for f95
configure:15825: result: no
configure:15795: checking for fort
configure:15825: result: no
configure:15795: checking for ifort
configure:15825: result: no
configure:15795: checking for ifc
configure:15825: result: no
configure:15795: checking for efc
configure:15825: result: no
configure:15795: checking for pgfortran
configure:15825: result: no
configure:15795: checking for pgf95
configure:15825: result: no
configure:15795: checking for lf95
configure:15825: result: no
configure:15795: checking for ftn
configure:15825: result: no
configure:15795: checking for nagfor
configure:15825: result: no
configure:15848: checking for Fortran 77 compiler version
configure:15857:  --version >&5
./configure: line 15859: --version: command not found
configure:15868: $? = 127
configure:15857:  -v >&5
./configure: line 15859: -v: command not found
configure:15868: $? = 127
configure:15857:  -V >&5
./configure: line 15859: -V: command not found
configure:15868: $? = 127
configure:15857:  -qversion >&5
./configure: line 15859: -qversion: command not found
configure:15868: $? = 127
configure:15877: checking whether we are using the GNU Fortran 77 compiler
configure:15890:  -c  conftest.F >&5
./configure: line 2280: -c: command not found
configure:15890: $? = 127
configure: failed program was:
|       program main
| #ifndef __GNUC__
|        choke me
| #endif
| 
|       end
configure:15899: result: no
configure:15905: checking whether  accepts -g
configure:15916:  -c -g conftest.f >&5
./configure: line 2280: -c: command not found
configure:15916: $? = 127
configure: failed program was:
|       program main
| 
|       end
configure:15924: result: no
configure:18673: WARNING: *** Couldn't find f77 compiler; using default Fortran wrappers.
configure:19552: checking for Win32 threads
configure:19573: gcc -o conftest -O3 -fomit-frame-pointer -mtune=native -fstrict-aliasing -fno-schedule-insns -ffast-math   conftest.c -lm  >&5
clang: warning: optimization flag '-fno-schedule-insns' is not supported
conftest.c:76:10: fatal error: 'windows.h' file not found
#include <windows.h>
         ^
1 error generated.
configure:19573: $? = 1
configure: failed program was:
| /* confdefs.h */
| #define PACKAGE_NAME "fftw"
| #define PACKAGE_TARNAME "fftw"
| #define PACKAGE_VERSION "3.3.4"
| #define PACKAGE_STRING "fftw 3.3.4"
| #define PACKAGE_BUGREPORT "fftw@fftw.org"
| #define PACKAGE_URL ""
| #define PACKAGE "fftw"
| #define VERSION "3.3.4"
| #define FFTW_ENABLE_ALLOCA 1
| #define FFTW_SINGLE 1
| #define BENCHFFT_SINGLE 1
| #define STDC_HEADERS 1
| #define HAVE_SYS_TYPES_H 1
| #define HAVE_SYS_STAT_H 1
| #define HAVE_STDLIB_H 1
| #define HAVE_STRING_H 1
| #define HAVE_MEMORY_H 1
| #define HAVE_STRINGS_H 1
| #define HAVE_INTTYPES_H 1
| #define HAVE_STDINT_H 1
| #define HAVE_UNISTD_H 1
| #define HAVE_DLFCN_H 1
| #define LT_OBJDIR ".libs/"
| #define STDC_HEADERS 1
| #define HAVE_STDDEF_H 1
| #define HAVE_STDLIB_H 1
| #define HAVE_STRING_H 1
| #define HAVE_STRINGS_H 1
| #define HAVE_SYS_TIME_H 1
| #define HAVE_UNISTD_H 1
| #define HAVE_LIMITS_H 1
| #define HAVE_STDINT_H 1
| #define HAVE_MACH_MACH_TIME_H 1
| #define HAVE_SYS_SYSCTL_H 1
| #define TIME_WITH_SYS_TIME 1
| #define HAVE_LONG_DOUBLE 1
| #define SIZEOF_INT 4
| #define SIZEOF_UNSIGNED_INT 4
| #define SIZEOF_LONG 8
| #define SIZEOF_UNSIGNED_LONG 8
| #define SIZEOF_LONG_LONG 8
| #define SIZEOF_UNSIGNED_LONG_LONG 8
| #define SIZEOF_SIZE_T 8
| #define SIZEOF_PTRDIFF_T 8
| #define HAVE_UINTPTR_T 1
| #define SIZEOF_FLOAT 4
| #define SIZEOF_DOUBLE 8
| #define SIZEOF_FFTW_R2R_KIND 4
| #define HAVE_ALLOCA_H 1
| #define HAVE_ALLOCA 1
| #define HAVE_VPRINTF 1
| #define HAVE_LIBM 1
| #define HAVE_GETTIMEOFDAY 1
| #define HAVE_DRAND48 1
| #define HAVE_SQRT 1
| #define HAVE_MEMSET 1
| #define HAVE_POSIX_MEMALIGN 1
| #define HAVE_MACH_ABSOLUTE_TIME 1
| #define HAVE_SYSCTL 1
| #define HAVE_ABORT 1
| #define HAVE_SINL 1
| #define HAVE_COSL 1
| #define HAVE_SNPRINTF 1
| #define HAVE_DECL_SINL 1
| #define HAVE_DECL_COSL 1
| #define HAVE_DECL_SINQ 0
| #define HAVE_DECL_COSQ 0
| #define HAVE_DECL_MEMALIGN 0
| #define HAVE_DECL_DRAND48 1
| #define HAVE_DECL_SRAND48 1
| #define HAVE_DECL_POSIX_MEMALIGN 1
| #define HAVE_ISNAN 1
| #define HAVE_THREADS 1
| /* end confdefs.h.  */
| #include <windows.h>
| #ifdef F77_DUMMY_MAIN
| 
| #  ifdef __cplusplus
|      extern "C"
| #  endif
|    int F77_DUMMY_MAIN() { return 1; }
| 
| #endif
| int
| main ()
| {
| _beginthreadex(0,0,0,0,0,0);
|   ;
|   return 0;
| }
configure:19577: result: no
configure:19760: checking for the pthreads library -lpthreads
configure:19804: gcc -o conftest -O3 -fomit-frame-pointer -mtune=native -fstrict-aliasing -fno-schedule-insns -ffast-math    conftest.c -lpthreads -lm  >&5
clang: warning: optimization flag '-fno-schedule-insns' is not supported
ld: library not found for -lpthreads
clang: error: linker command failed with exit code 1 (use -v to see invocation)
configure:19804: $? = 1
configure: failed program was:
| /* confdefs.h */
| #define PACKAGE_NAME "fftw"
| #define PACKAGE_TARNAME "fftw"
| #define PACKAGE_VERSION "3.3.4"
| #define PACKAGE_STRING "fftw 3.3.4"
| #define PACKAGE_BUGREPORT "fftw@fftw.org"
| #define PACKAGE_URL ""
| #define PACKAGE "fftw"
| #define VERSION "3.3.4"
| #define FFTW_ENABLE_ALLOCA 1
| #define FFTW_SINGLE 1
| #define BENCHFFT_SINGLE 1
| #define STDC_HEADERS 1
| #define HAVE_SYS_TYPES_H 1
| #define HAVE_SYS_STAT_H 1
| #define HAVE_STDLIB_H 1
| #define HAVE_STRING_H 1
| #define HAVE_MEMORY_H 1
| #define HAVE_STRINGS_H 1
| #define HAVE_INTTYPES_H 1
| #define HAVE_STDINT_H 1
| #define HAVE_UNISTD_H 1
| #define HAVE_DLFCN_H 1
| #define LT_OBJDIR ".libs/"
| #define STDC_HEADERS 1
| #define HAVE_STDDEF_H 1
| #define HAVE_STDLIB_H 1
| #define HAVE_STRING_H 1
| #define HAVE_STRINGS_H 1
| #define HAVE_SYS_TIME_H 1
| #define HAVE_UNISTD_H 1
| #define HAVE_LIMITS_H 1
| #define HAVE_STDINT_H 1
| #define HAVE_MACH_MACH_TIME_H 1
| #define HAVE_SYS_SYSCTL_H 1
| #define TIME_WITH_SYS_TIME 1
| #define HAVE_LONG_DOUBLE 1
| #define SIZEOF_INT 4
| #define SIZEOF_UNSIGNED_INT 4
| #define SIZEOF_LONG 8
| #define SIZEOF_UNSIGNED_LONG 8
| #define SIZEOF_LONG_LONG 8
| #define SIZEOF_UNSIGNED_LONG_LONG 8
| #define SIZEOF_SIZE_T 8
| #define SIZEOF_PTRDIFF_T 8
| #define HAVE_UINTPTR_T 1
| #define SIZEOF_FLOAT 4
| #define SIZEOF_DOUBLE 8
| #define SIZEOF_FFTW_R2R_KIND 4
| #define HAVE_ALLOCA_H 1
| #define HAVE_ALLOCA 1
| #define HAVE_VPRINTF 1
| #define HAVE_LIBM 1
| #define HAVE_GETTIMEOFDAY 1
| #define HAVE_DRAND48 1
| #define HAVE_SQRT 1
| #define HAVE_MEMSET 1
| #define HAVE_POSIX_MEMALIGN 1
| #define HAVE_MACH_ABSOLUTE_TIME 1
| #define HAVE_SYSCTL 1
| #define HAVE_ABORT 1
| #define HAVE_SINL 1
| #define HAVE_COSL 1
| #define HAVE_SNPRINTF 1
| #define HAVE_DECL_SINL 1
| #define HAVE_DECL_COSL 1
| #define HAVE_DECL_SINQ 0
| #define HAVE_DECL_COSQ 0
| #define HAVE_DECL_MEMALIGN 0
| #define HAVE_DECL_DRAND48 1
| #define HAVE_DECL_SRAND48 1
| #define HAVE_DECL_POSIX_MEMALIGN 1
| #define HAVE_ISNAN 1
| #define HAVE_THREADS 1
| /* end confdefs.h.  */
| #include <pthread.h>
| #ifdef F77_DUMMY_MAIN
| 
| #  ifdef __cplusplus
|      extern "C"
| #  endif
|    int F77_DUMMY_MAIN() { return 1; }
| 
| #endif
| int
| main ()
| {
| pthread_t th; pthread_join(th, (void**) 0);
|                      pthread_attr_init((pthread_attr_t*) 0);
|                      pthread_cleanup_push((void(*)(void *)) 0, (void*) 0);
|                      pthread_create((pthread_t*) 0, (pthread_attr_t*) 0,
|                                     (void*(*)(void *)) 0, (void*) 0);
|                      pthread_cleanup_pop(0);
|   ;
|   return 0;
| }
configure:19813: result: no
configure:19705: checking whether pthreads work without any flags
configure:19804: gcc -o conftest -O3 -fomit-frame-pointer -mtune=native -fstrict-aliasing -fno-schedule-insns -ffast-math    conftest.c  -lm  >&5
clang: warning: optimization flag '-fno-schedule-insns' is not supported
configure:19804: $? = 0
configure:19813: result: yes
configure:19832: checking for joinable pthread attribute
configure:19855: gcc -o conftest -O3 -fomit-frame-pointer -mtune=native -fstrict-aliasing -fno-schedule-insns -ffast-math    conftest.c  -lm  >&5
clang: warning: optimization flag '-fno-schedule-insns' is not supported
configure:19855: $? = 0
configure:19861: result: PTHREAD_CREATE_JOINABLE
configure:19871: checking if more special flags are required for pthreads
configure:19878: result: -D_THREAD_SAFE
configure:20006: checking whether a cycle counter is available
configure:20017: gcc -E  -I./kernel conftest.c
configure:20017: $? = 0
configure:20024: result: yes
configure:20151: checking that generated files are newer than configure
configure:20157: result: done
configure:20232: creating ./config.status

## ---------------------- ##
## Running config.status. ##
## ---------------------- ##

This file was extended by fftw config.status 3.3.4, which was
generated by GNU Autoconf 2.69.  Invocation command line was

  CONFIG_FILES    = 
  CONFIG_HEADERS  = 
  CONFIG_LINKS    = 
  CONFIG_COMMANDS = 
  $ ./config.status 

on Swatis-MBP.fritz.box

config.status:1271: creating Makefile
config.status:1271: creating support/Makefile
config.status:1271: creating genfft/Makefile
config.status:1271: creating kernel/Makefile
config.status:1271: creating simd-support/Makefile
config.status:1271: creating dft/Makefile
config.status:1271: creating dft/scalar/Makefile
config.status:1271: creating dft/scalar/codelets/Makefile
config.status:1271: creating dft/simd/Makefile
config.status:1271: creating dft/simd/common/Makefile
config.status:1271: creating dft/simd/sse2/Makefile
config.status:1271: creating dft/simd/avx/Makefile
config.status:1271: creating dft/simd/altivec/Makefile
config.status:1271: creating dft/simd/neon/Makefile
config.status:1271: creating rdft/Makefile
config.status:1271: creating rdft/scalar/Makefile
config.status:1271: creating rdft/scalar/r2cf/Makefile
config.status:1271: creating rdft/scalar/r2cb/Makefile
config.status:1271: creating rdft/scalar/r2r/Makefile
config.status:1271: creating rdft/simd/Makefile
config.status:1271: creating rdft/simd/common/Makefile
config.status:1271: creating rdft/simd/sse2/Makefile
config.status:1271: creating rdft/simd/avx/Makefile
config.status:1271: creating rdft/simd/altivec/Makefile
config.status:1271: creating rdft/simd/neon/Makefile
config.status:1271: creating reodft/Makefile
config.status:1271: creating threads/Makefile
config.status:1271: creating api/Makefile
config.status:1271: creating mpi/Makefile
config.status:1271: creating libbench2/Makefile
config.status:1271: creating tests/Makefile
config.status:1271: creating doc/Makefile
config.status:1271: creating doc/FAQ/Makefile
config.status:1271: creating tools/Makefile
config.status:1271: creating tools/fftw_wisdom.1
config.status:1271: creating tools/fftw-wisdom-to-conf
config.status:1271: creating m4/Makefile
config.status:1271: creating fftw.pc
config.status:1271: creating config.h
config.status:1500: executing depfiles commands
config.status:1500: executing libtool commands

## ---------------- ##
## Cache variables. ##
## ---------------- ##

ac_cv_build=x86_64-apple-darwin14.3.0
ac_cv_c_compiler_gnu=yes
ac_cv_c_const=yes
ac_cv_c_inline=inline
ac_cv_env_CC_set=
ac_cv_env_CC_value=
ac_cv_env_CFLAGS_set=
ac_cv_env_CFLAGS_value=
ac_cv_env_CPPFLAGS_set=
ac_cv_env_CPPFLAGS_value=
ac_cv_env_CPP_set=
ac_cv_env_CPP_value=
ac_cv_env_F77_set=
ac_cv_env_F77_value=
ac_cv_env_FFLAGS_set=
ac_cv_env_FFLAGS_value=
ac_cv_env_LDFLAGS_set=
ac_cv_env_LDFLAGS_value=
ac_cv_env_LIBS_set=
ac_cv_env_LIBS_value=
ac_cv_env_MPICC_set=
ac_cv_env_MPICC_value=
ac_cv_env_build_alias_set=
ac_cv_env_build_alias_value=
ac_cv_env_host_alias_set=
ac_cv_env_host_alias_value=
ac_cv_env_target_alias_set=
ac_cv_env_target_alias_value=
ac_cv_f77_compiler_gnu=no
ac_cv_func_BSDgettimeofday=no
ac_cv_func__doprnt=no
ac_cv_func__mm_free=no
ac_cv_func__mm_malloc=no
ac_cv_func_abort=yes
ac_cv_func_alloca_works=yes
ac_cv_func_clock_gettime=no
ac_cv_func_cosl=yes
ac_cv_func_drand48=yes
ac_cv_func_gethrtime=no
ac_cv_func_gettimeofday=yes
ac_cv_func_mach_absolute_time=yes
ac_cv_func_memalign=no
ac_cv_func_memset=yes
ac_cv_func_posix_memalign=yes
ac_cv_func_read_real_time=no
ac_cv_func_sinl=yes
ac_cv_func_snprintf=yes
ac_cv_func_sqrt=yes
ac_cv_func_strtod=yes
ac_cv_func_sysctl=yes
ac_cv_func_time_base_to_time=no
ac_cv_func_vprintf=yes
ac_cv_have_decl_cosl=yes
ac_cv_have_decl_cosq=no
ac_cv_have_decl_drand48=yes
ac_cv_have_decl_memalign=no
ac_cv_have_decl_posix_memalign=yes
ac_cv_have_decl_sinl=yes
ac_cv_have_decl_sinq=no
ac_cv_have_decl_srand48=yes
ac_cv_header_altivec_h=no
ac_cv_header_c_asm_h=no
ac_cv_header_dlfcn_h=yes
ac_cv_header_intrinsics_h=no
ac_cv_header_inttypes_h=yes
ac_cv_header_libintl_h=no
ac_cv_header_limits_h=yes
ac_cv_header_mach_mach_time_h=yes
ac_cv_header_malloc_h=no
ac_cv_header_memory_h=yes
ac_cv_header_stdc=yes
ac_cv_header_stddef_h=yes
ac_cv_header_stdint_h=yes
ac_cv_header_stdlib_h=yes
ac_cv_header_string_h=yes
ac_cv_header_strings_h=yes
ac_cv_header_sys_stat_h=yes
ac_cv_header_sys_sysctl_h=yes
ac_cv_header_sys_time_h=yes
ac_cv_header_sys_types_h=yes
ac_cv_header_time=yes
ac_cv_header_unistd_h=yes
ac_cv_host=x86_64-apple-darwin14.3.0
ac_cv_lib_m_sin=yes
ac_cv_objext=o
ac_cv_path_EGREP='/usr/bin/grep -E'
ac_cv_path_FGREP='/usr/bin/grep -F'
ac_cv_path_GREP=/usr/bin/grep
ac_cv_path_SED=/usr/bin/sed
ac_cv_path_install='/usr/bin/install -c'
ac_cv_prog_AWK=awk
ac_cv_prog_CPP='gcc -E'
ac_cv_prog_ac_ct_AR=ar
ac_cv_prog_ac_ct_CC=gcc
ac_cv_prog_ac_ct_DLLTOOL=dlltool
ac_cv_prog_ac_ct_DSYMUTIL=dsymutil
ac_cv_prog_ac_ct_LIPO=lipo
ac_cv_prog_ac_ct_NMEDIT=nmedit
ac_cv_prog_ac_ct_OBJDUMP=objdump
ac_cv_prog_ac_ct_OTOOL=otool
ac_cv_prog_ac_ct_RANLIB=ranlib
ac_cv_prog_ac_ct_STRIP=strip
ac_cv_prog_cc_c89=
ac_cv_prog_cc_c99=
ac_cv_prog_cc_g=yes
ac_cv_prog_cc_stdc=
ac_cv_prog_f77_g=no
ac_cv_prog_make_make_set=yes
ac_cv_sizeof_double=8
ac_cv_sizeof_fftw_r2r_kind=4
ac_cv_sizeof_float=4
ac_cv_sizeof_int=4
ac_cv_sizeof_long=8
ac_cv_sizeof_long_long=8
ac_cv_sizeof_ptrdiff_t=8
ac_cv_sizeof_size_t=8
ac_cv_sizeof_unsigned_int=4
ac_cv_sizeof_unsigned_long=8
ac_cv_sizeof_unsigned_long_long=8
ac_cv_type_hrtime_t=no
ac_cv_type_long_double=yes
ac_cv_type_size_t=yes
ac_cv_type_uintptr_t=yes
ac_cv_working_alloca_h=yes
am_cv_CC_dependencies_compiler_type=gcc3
am_cv_make_support_nested_variables=yes
am_cv_prog_cc_c_o=yes
ax_cv_c_compiler_vendor=gnu
ax_cv_c_flags__O3__fomit_frame_pointer__mtune_native__fstrict_aliasing__fno_schedule_insns__ffast_math=yes
ax_cv_c_flags__ffast_math=yes
ax_cv_c_flags__fno_schedule_insns=yes
ax_cv_c_flags__fstrict_aliasing=yes
ax_cv_c_flags__malign_double=no
ax_cv_c_flags__mpreferred_stack_boundary_4=no
ax_cv_c_flags__mtune_native=yes
lt_cv_apple_cc_single_mod=yes
lt_cv_ar_at_file=no
lt_cv_deplibs_check_method=pass_all
lt_cv_file_magic_cmd='$MAGIC_CMD'
lt_cv_file_magic_test_file=
lt_cv_ld_exported_symbols_list=yes
lt_cv_ld_force_load=yes
lt_cv_ld_reload_flag=-r
lt_cv_nm_interface='BSD nm'
lt_cv_objdir=.libs
lt_cv_path_LD=/Applications/Xcode.app/Contents/Developer/Toolchains/XcodeDefault.xctoolchain/usr/bin/ld
lt_cv_path_NM=/usr/bin/nm
lt_cv_path_mainfest_tool=no
lt_cv_prog_compiler_c_o=yes
lt_cv_prog_compiler_pic='-fno-common -DPIC'
lt_cv_prog_compiler_pic_works=yes
lt_cv_prog_compiler_rtti_exceptions=yes
lt_cv_prog_compiler_static_works=no
lt_cv_prog_gnu_ld=no
lt_cv_sharedlib_from_linklib_cmd='printf %s\n'
lt_cv_sys_global_symbol_pipe='sed -n -e '\''s/^.*[	 ]\([BCDEGRST][BCDEGRST]*\)[	 ][	 ]*_\([_A-Za-z][_A-Za-z0-9]*\)$/\1 _\2 \2/p'\'' | sed '\''/ __gnu_lto/d'\'''
lt_cv_sys_global_symbol_to_c_name_address='sed -n -e '\''s/^: \([^ ]*\)[ ]*$/  {\"\1\", (void *) 0},/p'\'' -e '\''s/^[BCDEGRST]* \([^ ]*\) \([^ ]*\)$/  {"\2", (void *) \&\2},/p'\'''
lt_cv_sys_global_symbol_to_c_name_address_lib_prefix='sed -n -e '\''s/^: \([^ ]*\)[ ]*$/  {\"\1\", (void *) 0},/p'\'' -e '\''s/^[BCDEGRST]* \([^ ]*\) \(lib[^ ]*\)$/  {"\2", (void *) \&\2},/p'\'' -e '\''s/^[BCDEGRST]* \([^ ]*\) \([^ ]*\)$/  {"lib\2", (void *) \&\2},/p'\'''
lt_cv_sys_global_symbol_to_cdecl='sed -n -e '\''s/^T .* \(.*\)$/extern int \1();/p'\'' -e '\''s/^[BCDEGRST]* .* \(.*\)$/extern char \1;/p'\'''
lt_cv_sys_max_cmd_len=196608
lt_cv_to_host_file_cmd=func_convert_file_noop
lt_cv_to_tool_file_cmd=func_convert_file_noop

## ----------------- ##
## Output variables. ##
## ----------------- ##

ACLOCAL='${SHELL} /Users/swatimital/GitHub/QuantPricer/lib/fftw-3.3.4/missing aclocal-1.14'
ALLOCA=''
ALTIVEC_CFLAGS=''
AMDEPBACKSLASH='\'
AMDEP_FALSE='#'
AMDEP_TRUE=''
AMTAR='$${TAR-tar}'
AM_BACKSLASH='\'
AM_DEFAULT_V='$(AM_DEFAULT_VERBOSITY)'
AM_DEFAULT_VERBOSITY='1'
AM_V='$(V)'
AR='ar'
AS='as'
AUTOCONF='${SHELL} /Users/swatimital/GitHub/QuantPricer/lib/fftw-3.3.4/missing autoconf'
AUTOHEADER='${SHELL} /Users/swatimital/GitHub/QuantPricer/lib/fftw-3.3.4/missing autoheader'
AUTOMAKE='${SHELL} /Users/swatimital/GitHub/QuantPricer/lib/fftw-3.3.4/missing automake-1.14'
AVX_CFLAGS=''
AWK='awk'
CC='gcc'
CCDEPMODE='depmode=gcc3'
CFLAGS='-O3 -fomit-frame-pointer -mtune=native -fstrict-aliasing -fno-schedule-insns -ffast-math'
CHECK_PL_OPTS=''
COMBINED_THREADS_FALSE=''
COMBINED_THREADS_TRUE='#'
CPP='gcc -E'
CPPFLAGS=''
CYGPATH_W='echo'
C_FFTW_R2R_KIND='C_INT32_T'
C_MPI_FINT=''
DEFS='-DHAVE_CONFIG_H'
DEPDIR='.deps'
DLLTOOL='dlltool'
DSYMUTIL='dsymutil'
DUMPBIN=''
ECHO_C='\c'
ECHO_N=''
ECHO_T=''
EGREP='/usr/bin/grep -E'
EXEEXT=''
F77=''
FFLAGS=''
FGREP='/usr/bin/grep -F'
FLIBS=''
GREP='/usr/bin/grep'
HAVE_ALTIVEC_FALSE=''
HAVE_ALTIVEC_TRUE='#'
HAVE_AVX_FALSE=''
HAVE_AVX_TRUE='#'
HAVE_NEON_FALSE=''
HAVE_NEON_TRUE='#'
HAVE_SSE2_FALSE=''
HAVE_SSE2_TRUE='#'
INSTALL_DATA='${INSTALL} -m 644'
INSTALL_PROGRAM='${INSTALL}'
INSTALL_SCRIPT='${INSTALL}'
INSTALL_STRIP_PROGRAM='$(install_sh) -c -s'
LD='/Applications/Xcode.app/Contents/Developer/Toolchains/XcodeDefault.xctoolchain/usr/bin/ld'
LDFLAGS=''
LDOUBLE_FALSE=''
LDOUBLE_TRUE='#'
LIBOBJS=''
LIBQUADMATH=''
LIBS='-lm '
LIBTOOL='$(SHELL) $(top_builddir)/libtool'
LIPO='lipo'
LN_S='ln -s'
LTLIBOBJS=''
MAINT='#'
MAINTAINER_MODE_FALSE=''
MAINTAINER_MODE_TRUE='#'
MAKEINFO='${SHELL} /Users/swatimital/GitHub/QuantPricer/lib/fftw-3.3.4/missing makeinfo'
MANIFEST_TOOL=':'
MKDIR_P='./install-sh -c -d'
MPICC=''
MPILIBS=''
MPIRUN=''
MPI_FALSE=''
MPI_TRUE='#'
NEON_CFLAGS=''
NM='/usr/bin/nm'
NMEDIT='nmedit'
OBJDUMP='objdump'
OBJEXT='o'
OCAMLBUILD=''
OPENMP_CFLAGS=''
OPENMP_FALSE=''
OPENMP_TRUE='#'
OTOOL64=':'
OTOOL='otool'
PACKAGE='fftw'
PACKAGE_BUGREPORT='fftw@fftw.org'
PACKAGE_NAME='fftw'
PACKAGE_STRING='fftw 3.3.4'
PACKAGE_TARNAME='fftw'
PACKAGE_URL=''
PACKAGE_VERSION='3.3.4'
PATH_SEPARATOR=':'
POW_LIB=''
PRECISION='s'
PREC_SUFFIX='f'
PTHREAD_CC='gcc'
PTHREAD_CFLAGS='-D_THREAD_SAFE '
PTHREAD_LIBS=''
QUAD_FALSE=''
QUAD_TRUE='#'
RANLIB='ranlib'
SED='/usr/bin/sed'
SET_MAKE=''
SHARED_VERSION_INFO='7:4:4'
SHELL='/bin/sh'
SINGLE_FALSE='#'
SINGLE_TRUE=''
SMP_FALSE='#'
SMP_TRUE=''
SSE2_CFLAGS=''
STACK_ALIGN_CFLAGS=''
STRIP='strip'
THREADLIBS=' '
THREADS_FALSE='#'
THREADS_TRUE=''
VERSION='3.3.4'
ac_ct_AR='ar'
ac_ct_CC='gcc'
ac_ct_DUMPBIN=''
ac_ct_F77=''
acx_pthread_config=''
am__EXEEXT_FALSE=''
am__EXEEXT_TRUE='#'
am__fastdepCC_FALSE='#'
am__fastdepCC_TRUE=''
am__include='include'
am__isrc=''
am__leading_dot='.'
am__nodep='_no'
am__quote=''
am__tar='$${TAR-tar} chof - "$$tardir"'
am__untar='$${TAR-tar} xf -'
bindir='${exec_prefix}/bin'
build='x86_64-apple-darwin14.3.0'
build_alias=''
build_cpu='x86_64'
build_os='darwin14.3.0'
build_vendor='apple'
datadir='${datarootdir}'
datarootdir='${prefix}/share'
docdir='${datarootdir}/doc/${PACKAGE_TARNAME}'
dvidir='${docdir}'
exec_prefix='${prefix}'
host='x86_64-apple-darwin14.3.0'
host_alias=''
host_cpu='x86_64'
host_os='darwin14.3.0'
host_vendor='apple'
htmldir='${docdir}'
includedir='${prefix}/include'
infodir='${datarootdir}/info'
install_sh='${SHELL} /Users/swatimital/GitHub/QuantPricer/lib/fftw-3.3.4/install-sh'
libdir='${exec_prefix}/lib'
libexecdir='${exec_prefix}/libexec'
localedir='${datarootdir}/locale'
localstatedir='${prefix}/var'
mandir='${datarootdir}/man'
mkdir_p='$(MKDIR_P)'
oldincludedir='/usr/include'
pdfdir='${docdir}'
prefix='/usr/local'
program_transform_name='s,x,x,'
psdir='${docdir}'
sbindir='${exec_prefix}/sbin'
sharedstatedir='${prefix}/com'
sysconfdir='${prefix}/etc'
target_alias=''

## ----------- ##
## confdefs.h. ##
## ----------- ##

/* confdefs.h */
#define PACKAGE_NAME "fftw"
#define PACKAGE_TARNAME "fftw"
#define PACKAGE_VERSION "3.3.4"
#define PACKAGE_STRING "fftw 3.3.4"
#define PACKAGE_BUGREPORT "fftw@fftw.org"
#define PACKAGE_URL ""
#define PACKAGE "fftw"
#define VERSION "3.3.4"
#define FFTW_ENABLE_ALLOCA 1
#define FFTW_SINGLE 1
#define BENCHFFT_SINGLE 1
#define STDC_HEADERS 1
#define HAVE_SYS_TYPES_H 1
#define HAVE_SYS_STAT_H 1
#define HAVE_STDLIB_H 1
#define HAVE_STRING_H 1
#define HAVE_MEMORY_H 1
#define HAVE_STRINGS_H 1
#define HAVE_INTTYPES_H 1
#define HAVE_STDINT_H 1
#define HAVE_UNISTD_H 1
#define HAVE_DLFCN_H 1
#define LT_OBJDIR ".libs/"
#define STDC_HEADERS 1
#define HAVE_STDDEF_H 1
#define HAVE_STDLIB_H 1
#define HAVE_STRING_H 1
#define HAVE_STRINGS_H 1
#define HAVE_SYS_TIME_H 1
#define HAVE_UNISTD_H 1
#define HAVE_LIMITS_H 1
#define HAVE_STDINT_H 1
#define HAVE_MACH_MACH_TIME_H 1
#define HAVE_SYS_SYSCTL_H 1
#define TIME_WITH_SYS_TIME 1
#define HAVE_LONG_DOUBLE 1
#define SIZEOF_INT 4
#define SIZEOF_UNSIGNED_INT 4
#define SIZEOF_LONG 8
#define SIZEOF_UNSIGNED_LONG 8
#define SIZEOF_LONG_LONG 8
#define SIZEOF_UNSIGNED_LONG_LONG 8
#define SIZEOF_SIZE_T 8
#define SIZEOF_PTRDIFF_T 8
#define HAVE_UINTPTR_T 1
#define SIZEOF_FLOAT 4
#define SIZEOF_DOUBLE 8
#define SIZEOF_FFTW_R2R_KIND 4
#define HAVE_ALLOCA_H 1
#define HAVE_ALLOCA 1
#define HAVE_VPRINTF 1
#define HAVE_LIBM 1
#define HAVE_GETTIMEOFDAY 1
#define HAVE_DRAND48 1
#define HAVE_SQRT 1
#define HAVE_MEMSET 1
#define HAVE_POSIX_MEMALIGN 1
#define HAVE_MACH_ABSOLUTE_TIME 1
#define HAVE_SYSCTL 1
#define HAVE_ABORT 1
#define HAVE_SINL 1
#define HAVE_COSL 1
#define HAVE_SNPRINTF 1
#define HAVE_DECL_SINL 1
#define HAVE_DECL_COSL 1
#define HAVE_DECL_SINQ 0
#define HAVE_DECL_COSQ 0
#define HAVE_DECL_MEMALIGN 0
#define HAVE_DECL_DRAND48 1
#define HAVE_DECL_SRAND48 1
#define HAVE_DECL_POSIX_MEMALIGN 1
#define HAVE_ISNAN 1
#define HAVE_THREADS 1
#define USING_POSIX_THREADS 1
#define HAVE_THREADS 1
#define FFTW_CC "gcc -O3 -fomit-frame-pointer -mtune=native -fstrict-aliasing -fno-schedule-insns -ffast-math"

configure: exit 0
